[0.676s] Invoking command in '/home/parallels/ros2_ws/build/turtlebot3_teleop': PYTHONPATH=/home/parallels/ros2_ws/build/turtlebot3_teleop/prefix_override:/usr/lib/python3/dist-packages/colcon_core/task/python/colcon_distutils_commands:/home/parallels/ros2_ws/install/turtlebot3_teleop/lib/python3.10/site-packages:${PYTHONPATH} /usr/bin/python3 -W ignore:setup.py install is deprecated setup.py develop --editable --build-directory /home/parallels/ros2_ws/build/turtlebot3_teleop/build --no-deps symlink_data
[0.866s] running develop
[1.030s] running egg_info
[1.030s] creating turtlebot3_teleop.egg-info
[1.030s] writing turtlebot3_teleop.egg-info/PKG-INFO
[1.033s] writing dependency_links to turtlebot3_teleop.egg-info/dependency_links.txt
[1.037s] writing entry points to turtlebot3_teleop.egg-info/entry_points.txt
[1.040s] writing requirements to turtlebot3_teleop.egg-info/requires.txt
[1.040s] writing top-level names to turtlebot3_teleop.egg-info/top_level.txt
[1.041s] writing manifest file 'turtlebot3_teleop.egg-info/SOURCES.txt'
[1.042s] reading manifest file 'turtlebot3_teleop.egg-info/SOURCES.txt'
[1.042s] writing manifest file 'turtlebot3_teleop.egg-info/SOURCES.txt'
[1.043s] running build_ext
[1.043s] Creating /home/parallels/ros2_ws/install/turtlebot3_teleop/lib/python3.10/site-packages/turtlebot3-teleop.egg-link (link to .)
[1.044s] Installing teleop_keyboard script to /home/parallels/ros2_ws/install/turtlebot3_teleop/lib/turtlebot3_teleop
[1.044s] 
[1.044s] Installed /home/parallels/ros2_ws/build/turtlebot3_teleop
[1.044s] running symlink_data
[1.044s] creating /home/parallels/ros2_ws/install/turtlebot3_teleop/share/ament_index
[1.044s] creating /home/parallels/ros2_ws/install/turtlebot3_teleop/share/ament_index/resource_index
[1.044s] creating /home/parallels/ros2_ws/install/turtlebot3_teleop/share/ament_index/resource_index/packages
[1.044s] symbolically linking /home/parallels/ros2_ws/build/turtlebot3_teleop/resource/turtlebot3_teleop -> /home/parallels/ros2_ws/install/turtlebot3_teleop/share/ament_index/resource_index/packages
[1.044s] symbolically linking /home/parallels/ros2_ws/build/turtlebot3_teleop/package.xml -> /home/parallels/ros2_ws/install/turtlebot3_teleop/share/turtlebot3_teleop
[1.109s] Invoked command in '/home/parallels/ros2_ws/build/turtlebot3_teleop' returned '0': PYTHONPATH=/home/parallels/ros2_ws/build/turtlebot3_teleop/prefix_override:/usr/lib/python3/dist-packages/colcon_core/task/python/colcon_distutils_commands:/home/parallels/ros2_ws/install/turtlebot3_teleop/lib/python3.10/site-packages:${PYTHONPATH} /usr/bin/python3 -W ignore:setup.py install is deprecated setup.py develop --editable --build-directory /home/parallels/ros2_ws/build/turtlebot3_teleop/build --no-deps symlink_data
