[3.174s] Invoking command in '/home/parallels/ros2_ws/build/turtlebot3_example': PYTHONPATH=/home/parallels/ros2_ws/build/turtlebot3_example/prefix_override:/usr/lib/python3/dist-packages/colcon_core/task/python/colcon_distutils_commands:/home/parallels/ros2_ws/install/turtlebot3_example/lib/python3.10/site-packages:${PYTHONPATH} /usr/bin/python3 -W ignore:setup.py install is deprecated setup.py develop --editable --build-directory /home/parallels/ros2_ws/build/turtlebot3_example/build --no-deps symlink_data
[4.187s] running develop
[4.923s] running egg_info
[4.926s] writing turtlebot3_example.egg-info/PKG-INFO
[4.927s] writing dependency_links to turtlebot3_example.egg-info/dependency_links.txt
[4.927s] writing entry points to turtlebot3_example.egg-info/entry_points.txt
[4.936s] writing requirements to turtlebot3_example.egg-info/requires.txt
[4.937s] writing top-level names to turtlebot3_example.egg-info/top_level.txt
[4.942s] reading manifest file 'turtlebot3_example.egg-info/SOURCES.txt'
[4.955s] writing manifest file 'turtlebot3_example.egg-info/SOURCES.txt'
[4.959s] running build_ext
[4.960s] Creating /home/parallels/ros2_ws/install/turtlebot3_example/lib/python3.10/site-packages/turtlebot3-example.egg-link (link to .)
[4.963s] Installing turtlebot3_obstacle_detection script to /home/parallels/ros2_ws/install/turtlebot3_example/lib/turtlebot3_example
[4.963s] Installing turtlebot3_patrol_client script to /home/parallels/ros2_ws/install/turtlebot3_example/lib/turtlebot3_example
[4.965s] Installing turtlebot3_patrol_server script to /home/parallels/ros2_ws/install/turtlebot3_example/lib/turtlebot3_example
[4.965s] Installing turtlebot3_position_control script to /home/parallels/ros2_ws/install/turtlebot3_example/lib/turtlebot3_example
[4.966s] 
[4.966s] Installed /home/parallels/ros2_ws/build/turtlebot3_example
[4.967s] running symlink_data
[5.112s] Invoked command in '/home/parallels/ros2_ws/build/turtlebot3_example' returned '0': PYTHONPATH=/home/parallels/ros2_ws/build/turtlebot3_example/prefix_override:/usr/lib/python3/dist-packages/colcon_core/task/python/colcon_distutils_commands:/home/parallels/ros2_ws/install/turtlebot3_example/lib/python3.10/site-packages:${PYTHONPATH} /usr/bin/python3 -W ignore:setup.py install is deprecated setup.py develop --editable --build-directory /home/parallels/ros2_ws/build/turtlebot3_example/build --no-deps symlink_data
