[0.023s] Invoking command in '/home/parallels/ros2_ws/build/turtlebot3_description': CMAKE_PREFIX_PATH=${CMAKE_PREFIX_PATH}:/home/parallels/ros2_ws/install/my_robot_controller:/opt/ros/humble /usr/bin/cmake /home/parallels/ros2_ws/src/turtlebot3/turtlebot3_description -DAMENT_CMAKE_SYMLINK_INSTALL=1 -DCMAKE_INSTALL_PREFIX=/home/parallels/ros2_ws/install/turtlebot3_description
[0.200s] -- The C compiler identification is GNU 11.4.0
[0.200s] -- The CXX compiler identification is GNU 11.4.0
[0.200s] -- Detecting C compiler ABI info
[0.267s] -- Detecting C compiler ABI info - done
[0.271s] -- Check for working C compiler: /usr/bin/cc - skipped
[0.271s] -- Detecting C compile features
[0.272s] -- Detecting C compile features - done
[0.274s] -- Detecting CXX compiler ABI info
[0.357s] -- Detecting CXX compiler ABI info - done
[0.367s] -- Check for working CXX compiler: /usr/bin/c++ - skipped
[0.368s] -- Detecting CXX compile features
[0.368s] -- Detecting CXX compile features - done
[0.376s] -- Found ament_cmake: 1.3.10 (/opt/ros/humble/share/ament_cmake/cmake)
[0.546s] -- Found Python3: /usr/bin/python3 (found version "3.10.12") found components: Interpreter 
[0.600s] -- Override CMake install command with custom implementation using symlinks instead of copying resources
[0.657s] -- Found urdf: 2.6.1 (/opt/ros/humble/share/urdf/cmake)
[0.860s] -- Configuring done
[0.862s] -- Generating done
[0.863s] -- Build files have been written to: /home/parallels/ros2_ws/build/turtlebot3_description
[0.882s] Invoked command in '/home/parallels/ros2_ws/build/turtlebot3_description' returned '0': CMAKE_PREFIX_PATH=${CMAKE_PREFIX_PATH}:/home/parallels/ros2_ws/install/my_robot_controller:/opt/ros/humble /usr/bin/cmake /home/parallels/ros2_ws/src/turtlebot3/turtlebot3_description -DAMENT_CMAKE_SYMLINK_INSTALL=1 -DCMAKE_INSTALL_PREFIX=/home/parallels/ros2_ws/install/turtlebot3_description
[0.883s] Invoking command in '/home/parallels/ros2_ws/build/turtlebot3_description': CMAKE_PREFIX_PATH=${CMAKE_PREFIX_PATH}:/home/parallels/ros2_ws/install/my_robot_controller:/opt/ros/humble /usr/bin/cmake --build /home/parallels/ros2_ws/build/turtlebot3_description -- -j6 -l6
[0.918s] Invoked command in '/home/parallels/ros2_ws/build/turtlebot3_description' returned '0': CMAKE_PREFIX_PATH=${CMAKE_PREFIX_PATH}:/home/parallels/ros2_ws/install/my_robot_controller:/opt/ros/humble /usr/bin/cmake --build /home/parallels/ros2_ws/build/turtlebot3_description -- -j6 -l6
[0.940s] Invoking command in '/home/parallels/ros2_ws/build/turtlebot3_description': CMAKE_PREFIX_PATH=${CMAKE_PREFIX_PATH}:/home/parallels/ros2_ws/install/my_robot_controller:/opt/ros/humble /usr/bin/cmake --install /home/parallels/ros2_ws/build/turtlebot3_description
[0.947s] -- Install configuration: ""
[0.947s] -- Execute custom install script
[0.947s] -- Symlinking: /home/parallels/ros2_ws/install/turtlebot3_description/share/turtlebot3_description/meshes/bases/burger_base.stl
[0.952s] -- Symlinking: /home/parallels/ros2_ws/install/turtlebot3_description/share/turtlebot3_description/meshes/bases/waffle_base.stl
[0.957s] -- Symlinking: /home/parallels/ros2_ws/install/turtlebot3_description/share/turtlebot3_description/meshes/bases/waffle_pi_base.stl
[0.962s] -- Symlinking: /home/parallels/ros2_ws/install/turtlebot3_description/share/turtlebot3_description/meshes/sensors/astra.dae
[0.967s] -- Symlinking: /home/parallels/ros2_ws/install/turtlebot3_description/share/turtlebot3_description/meshes/sensors/astra.jpg
[0.971s] -- Symlinking: /home/parallels/ros2_ws/install/turtlebot3_description/share/turtlebot3_description/meshes/sensors/lds.stl
[0.978s] -- Symlinking: /home/parallels/ros2_ws/install/turtlebot3_description/share/turtlebot3_description/meshes/sensors/r200.dae
[0.990s] -- Symlinking: /home/parallels/ros2_ws/install/turtlebot3_description/share/turtlebot3_description/meshes/sensors/r200.jpg
[1.011s] -- Symlinking: /home/parallels/ros2_ws/install/turtlebot3_description/share/turtlebot3_description/meshes/wheels/left_tire.stl
[1.031s] -- Symlinking: /home/parallels/ros2_ws/install/turtlebot3_description/share/turtlebot3_description/meshes/wheels/right_tire.stl
[1.041s] -- Symlinking: /home/parallels/ros2_ws/install/turtlebot3_description/share/turtlebot3_description/rviz/model.rviz
[1.051s] -- Symlinking: /home/parallels/ros2_ws/install/turtlebot3_description/share/turtlebot3_description/urdf/common_properties.urdf
[1.065s] -- Symlinking: /home/parallels/ros2_ws/install/turtlebot3_description/share/turtlebot3_description/urdf/turtlebot3_burger.urdf
[1.077s] -- Symlinking: /home/parallels/ros2_ws/install/turtlebot3_description/share/turtlebot3_description/urdf/turtlebot3_waffle.urdf
[1.088s] -- Symlinking: /home/parallels/ros2_ws/install/turtlebot3_description/share/turtlebot3_description/urdf/turtlebot3_waffle_pi.urdf
[1.102s] -- Symlinking: /home/parallels/ros2_ws/install/turtlebot3_description/share/ament_index/resource_index/package_run_dependencies/turtlebot3_description
[1.111s] -- Symlinking: /home/parallels/ros2_ws/install/turtlebot3_description/share/ament_index/resource_index/parent_prefix_path/turtlebot3_description
[1.119s] -- Symlinking: /home/parallels/ros2_ws/install/turtlebot3_description/share/turtlebot3_description/environment/ament_prefix_path.sh
[1.125s] -- Symlinking: /home/parallels/ros2_ws/install/turtlebot3_description/share/turtlebot3_description/environment/ament_prefix_path.dsv
[1.131s] -- Symlinking: /home/parallels/ros2_ws/install/turtlebot3_description/share/turtlebot3_description/environment/path.sh
[1.143s] -- Symlinking: /home/parallels/ros2_ws/install/turtlebot3_description/share/turtlebot3_description/environment/path.dsv
[1.149s] -- Symlinking: /home/parallels/ros2_ws/install/turtlebot3_description/share/turtlebot3_description/local_setup.bash
[1.154s] -- Symlinking: /home/parallels/ros2_ws/install/turtlebot3_description/share/turtlebot3_description/local_setup.sh
[1.163s] -- Symlinking: /home/parallels/ros2_ws/install/turtlebot3_description/share/turtlebot3_description/local_setup.zsh
[1.179s] -- Symlinking: /home/parallels/ros2_ws/install/turtlebot3_description/share/turtlebot3_description/local_setup.dsv
[1.194s] -- Symlinking: /home/parallels/ros2_ws/install/turtlebot3_description/share/turtlebot3_description/package.dsv
[1.217s] -- Symlinking: /home/parallels/ros2_ws/install/turtlebot3_description/share/ament_index/resource_index/packages/turtlebot3_description
[1.231s] -- Symlinking: /home/parallels/ros2_ws/install/turtlebot3_description/share/turtlebot3_description/cmake/turtlebot3_descriptionConfig.cmake
[1.238s] -- Symlinking: /home/parallels/ros2_ws/install/turtlebot3_description/share/turtlebot3_description/cmake/turtlebot3_descriptionConfig-version.cmake
[1.245s] -- Symlinking: /home/parallels/ros2_ws/install/turtlebot3_description/share/turtlebot3_description/package.xml
[1.389s] Invoked command in '/home/parallels/ros2_ws/build/turtlebot3_description' returned '0': CMAKE_PREFIX_PATH=${CMAKE_PREFIX_PATH}:/home/parallels/ros2_ws/install/my_robot_controller:/opt/ros/humble /usr/bin/cmake --install /home/parallels/ros2_ws/build/turtlebot3_description
