[0.279s] Invoking command in '/home/parallels/ros2_ws/build/sllidar_ros2': CMAKE_PREFIX_PATH=${CMAKE_PREFIX_PATH}:/home/parallels/ros2_ws/install/my_robot_controller:/opt/ros/humble /usr/bin/cmake /home/parallels/ros2_ws/src/sllidar_ros2 -DAMENT_CMAKE_SYMLINK_INSTALL=1 -DCMAKE_INSTALL_PREFIX=/home/parallels/ros2_ws/install/sllidar_ros2
[0.326s] -- Found ament_cmake: 1.3.10 (/opt/ros/humble/share/ament_cmake/cmake)
[0.658s] -- Override CMake install command with custom implementation using symlinks instead of copying resources
[0.840s] -- Found rclcpp: 16.0.10 (/opt/ros/humble/share/rclcpp/cmake)
[0.950s] -- Found rosidl_generator_c: 3.1.5 (/opt/ros/humble/share/rosidl_generator_c/cmake)
[0.958s] -- Found rosidl_adapter: 3.1.5 (/opt/ros/humble/share/rosidl_adapter/cmake)
[0.975s] -- Found rosidl_generator_cpp: 3.1.5 (/opt/ros/humble/share/rosidl_generator_cpp/cmake)
[1.000s] -- Using all available rosidl_typesupport_c: rosidl_typesupport_fastrtps_c;rosidl_typesupport_introspection_c
[1.027s] -- Using all available rosidl_typesupport_cpp: rosidl_typesupport_fastrtps_cpp;rosidl_typesupport_introspection_cpp
[1.095s] -- Found rmw_implementation_cmake: 6.1.2 (/opt/ros/humble/share/rmw_implementation_cmake/cmake)
[1.099s] -- Found rmw_cyclonedds_cpp: 1.3.4 (/opt/ros/humble/share/rmw_cyclonedds_cpp/cmake)
[1.133s] -- Using RMW implementation 'rmw_cyclonedds_cpp' as default
[1.215s] -- Found sensor_msgs: 4.2.4 (/opt/ros/humble/share/sensor_msgs/cmake)
[1.262s] -- Found std_srvs: 4.2.4 (/opt/ros/humble/share/std_srvs/cmake)
[1.384s] -- Configuring done
[1.422s] -- Generating done
[1.427s] -- Build files have been written to: /home/parallels/ros2_ws/build/sllidar_ros2
[1.445s] Invoked command in '/home/parallels/ros2_ws/build/sllidar_ros2' returned '0': CMAKE_PREFIX_PATH=${CMAKE_PREFIX_PATH}:/home/parallels/ros2_ws/install/my_robot_controller:/opt/ros/humble /usr/bin/cmake /home/parallels/ros2_ws/src/sllidar_ros2 -DAMENT_CMAKE_SYMLINK_INSTALL=1 -DCMAKE_INSTALL_PREFIX=/home/parallels/ros2_ws/install/sllidar_ros2
[1.446s] Invoking command in '/home/parallels/ros2_ws/build/sllidar_ros2': CMAKE_PREFIX_PATH=${CMAKE_PREFIX_PATH}:/home/parallels/ros2_ws/install/my_robot_controller:/opt/ros/humble /usr/bin/cmake --build /home/parallels/ros2_ws/build/sllidar_ros2 -- -j6 -l6
[1.516s] [35m[1mConsolidate compiler generated dependencies of target sllidar_client[0m
[1.544s] [35m[1mConsolidate compiler generated dependencies of target sllidar_node[0m
[1.714s] [ 15%] Built target sllidar_client
[1.715s] [100%] Built target sllidar_node
[1.775s] Invoked command in '/home/parallels/ros2_ws/build/sllidar_ros2' returned '0': CMAKE_PREFIX_PATH=${CMAKE_PREFIX_PATH}:/home/parallels/ros2_ws/install/my_robot_controller:/opt/ros/humble /usr/bin/cmake --build /home/parallels/ros2_ws/build/sllidar_ros2 -- -j6 -l6
[1.925s] Invoking command in '/home/parallels/ros2_ws/build/sllidar_ros2': CMAKE_PREFIX_PATH=${CMAKE_PREFIX_PATH}:/home/parallels/ros2_ws/install/my_robot_controller:/opt/ros/humble /usr/bin/cmake --install /home/parallels/ros2_ws/build/sllidar_ros2
[1.933s] -- Install configuration: ""
[1.933s] -- Execute custom install script
[1.936s] -- Up-to-date symlink: /home/parallels/ros2_ws/install/sllidar_ros2/share/sllidar_ros2/launch/sllidar_a1_launch.py
[1.944s] -- Up-to-date symlink: /home/parallels/ros2_ws/install/sllidar_ros2/share/sllidar_ros2/launch/sllidar_a2m12_launch .py
[1.945s] -- Up-to-date symlink: /home/parallels/ros2_ws/install/sllidar_ros2/share/sllidar_ros2/launch/sllidar_a2m7_launch.py
[1.945s] -- Up-to-date symlink: /home/parallels/ros2_ws/install/sllidar_ros2/share/sllidar_ros2/launch/sllidar_a2m8_launch.py
[1.946s] -- Up-to-date symlink: /home/parallels/ros2_ws/install/sllidar_ros2/share/sllidar_ros2/launch/sllidar_a3_launch.py
[1.948s] -- Up-to-date symlink: /home/parallels/ros2_ws/install/sllidar_ros2/share/sllidar_ros2/launch/sllidar_c1_launch.py
[1.948s] -- Up-to-date symlink: /home/parallels/ros2_ws/install/sllidar_ros2/share/sllidar_ros2/launch/sllidar_s1_launch.py
[1.949s] -- Up-to-date symlink: /home/parallels/ros2_ws/install/sllidar_ros2/share/sllidar_ros2/launch/sllidar_s1_tcp_launch.py
[1.949s] -- Up-to-date symlink: /home/parallels/ros2_ws/install/sllidar_ros2/share/sllidar_ros2/launch/sllidar_s2_launch.py
[1.950s] -- Up-to-date symlink: /home/parallels/ros2_ws/install/sllidar_ros2/share/sllidar_ros2/launch/sllidar_s2e_launch.py
[1.950s] -- Up-to-date symlink: /home/parallels/ros2_ws/install/sllidar_ros2/share/sllidar_ros2/launch/sllidar_s3_launch.py
[1.951s] -- Up-to-date symlink: /home/parallels/ros2_ws/install/sllidar_ros2/share/sllidar_ros2/launch/sllidar_t1_launch.py
[1.953s] -- Up-to-date symlink: /home/parallels/ros2_ws/install/sllidar_ros2/share/sllidar_ros2/launch/view_sllidar_a1_launch.py
[1.956s] -- Up-to-date symlink: /home/parallels/ros2_ws/install/sllidar_ros2/share/sllidar_ros2/launch/view_sllidar_a2m12_launch.py
[1.957s] -- Up-to-date symlink: /home/parallels/ros2_ws/install/sllidar_ros2/share/sllidar_ros2/launch/view_sllidar_a2m7_launch.py
[1.958s] -- Up-to-date symlink: /home/parallels/ros2_ws/install/sllidar_ros2/share/sllidar_ros2/launch/view_sllidar_a2m8_launch.py
[1.959s] -- Up-to-date symlink: /home/parallels/ros2_ws/install/sllidar_ros2/share/sllidar_ros2/launch/view_sllidar_a3_launch.py
[1.960s] -- Up-to-date symlink: /home/parallels/ros2_ws/install/sllidar_ros2/share/sllidar_ros2/launch/view_sllidar_c1_launch.py
[1.960s] -- Up-to-date symlink: /home/parallels/ros2_ws/install/sllidar_ros2/share/sllidar_ros2/launch/view_sllidar_s1_launch.py
[1.961s] -- Up-to-date symlink: /home/parallels/ros2_ws/install/sllidar_ros2/share/sllidar_ros2/launch/view_sllidar_s1_tcp_launch.py
[1.962s] -- Up-to-date symlink: /home/parallels/ros2_ws/install/sllidar_ros2/share/sllidar_ros2/launch/view_sllidar_s2_launch.py
[1.962s] -- Up-to-date symlink: /home/parallels/ros2_ws/install/sllidar_ros2/share/sllidar_ros2/launch/view_sllidar_s2e_launch.py
[1.963s] -- Up-to-date symlink: /home/parallels/ros2_ws/install/sllidar_ros2/share/sllidar_ros2/launch/view_sllidar_s3_launch.py
[1.963s] -- Up-to-date symlink: /home/parallels/ros2_ws/install/sllidar_ros2/share/sllidar_ros2/launch/view_sllidar_t1_launch.py
[1.965s] -- Up-to-date symlink: /home/parallels/ros2_ws/install/sllidar_ros2/share/sllidar_ros2/rviz/sllidar_ros2.rviz
[1.965s] -- Up-to-date symlink: /home/parallels/ros2_ws/install/sllidar_ros2/lib/sllidar_ros2/sllidar_node
[1.966s] -- Up-to-date symlink: /home/parallels/ros2_ws/install/sllidar_ros2/lib/sllidar_ros2/sllidar_client
[1.967s] -- Up-to-date symlink: /home/parallels/ros2_ws/install/sllidar_ros2/share/ament_index/resource_index/package_run_dependencies/sllidar_ros2
[1.969s] -- Up-to-date symlink: /home/parallels/ros2_ws/install/sllidar_ros2/share/ament_index/resource_index/parent_prefix_path/sllidar_ros2
[1.969s] -- Up-to-date symlink: /home/parallels/ros2_ws/install/sllidar_ros2/share/sllidar_ros2/environment/ament_prefix_path.sh
[1.970s] -- Up-to-date symlink: /home/parallels/ros2_ws/install/sllidar_ros2/share/sllidar_ros2/environment/ament_prefix_path.dsv
[1.972s] -- Up-to-date symlink: /home/parallels/ros2_ws/install/sllidar_ros2/share/sllidar_ros2/environment/path.sh
[1.973s] -- Up-to-date symlink: /home/parallels/ros2_ws/install/sllidar_ros2/share/sllidar_ros2/environment/path.dsv
[1.974s] -- Up-to-date symlink: /home/parallels/ros2_ws/install/sllidar_ros2/share/sllidar_ros2/local_setup.bash
[1.975s] -- Up-to-date symlink: /home/parallels/ros2_ws/install/sllidar_ros2/share/sllidar_ros2/local_setup.sh
[1.975s] -- Up-to-date symlink: /home/parallels/ros2_ws/install/sllidar_ros2/share/sllidar_ros2/local_setup.zsh
[1.976s] -- Up-to-date symlink: /home/parallels/ros2_ws/install/sllidar_ros2/share/sllidar_ros2/local_setup.dsv
[1.976s] -- Symlinking: /home/parallels/ros2_ws/install/sllidar_ros2/share/sllidar_ros2/package.dsv
[1.991s] -- Up-to-date symlink: /home/parallels/ros2_ws/install/sllidar_ros2/share/ament_index/resource_index/packages/sllidar_ros2
[1.991s] -- Up-to-date symlink: /home/parallels/ros2_ws/install/sllidar_ros2/share/sllidar_ros2/cmake/ament_cmake_export_dependencies-extras.cmake
[1.992s] -- Up-to-date symlink: /home/parallels/ros2_ws/install/sllidar_ros2/share/sllidar_ros2/cmake/ament_cmake_export_include_directories-extras.cmake
[1.994s] -- Up-to-date symlink: /home/parallels/ros2_ws/install/sllidar_ros2/share/sllidar_ros2/cmake/sllidar_ros2Config.cmake
[1.995s] -- Up-to-date symlink: /home/parallels/ros2_ws/install/sllidar_ros2/share/sllidar_ros2/cmake/sllidar_ros2Config-version.cmake
[1.995s] -- Up-to-date symlink: /home/parallels/ros2_ws/install/sllidar_ros2/share/sllidar_ros2/package.xml
[2.000s] Invoked command in '/home/parallels/ros2_ws/build/sllidar_ros2' returned '0': CMAKE_PREFIX_PATH=${CMAKE_PREFIX_PATH}:/home/parallels/ros2_ws/install/my_robot_controller:/opt/ros/humble /usr/bin/cmake --install /home/parallels/ros2_ws/build/sllidar_ros2
