[0.037s] Invoking command in '/home/parallels/ros2_ws/build/turtlebot3_node': CMAKE_PREFIX_PATH=${CMAKE_PREFIX_PATH}:/home/parallels/ros2_ws/install/turtlebot3_teleop:/home/parallels/ros2_ws/install/turtlebot3_example:/home/parallels/ros2_ws/install/my_robot_controller:/opt/ros/humble /usr/bin/cmake --build /home/parallels/ros2_ws/build/turtlebot3_node -- -j6 -l6
[0.607s] [35m[1mConsolidate compiler generated dependencies of target turtlebot3_node_lib[0m
[0.607s] [ 14%] [32mBuilding CXX object CMakeFiles/turtlebot3_node_lib.dir/src/devices/motor_power.cpp.o[0m
[0.607s] [ 14%] [32mBuilding CXX object CMakeFiles/turtlebot3_node_lib.dir/src/devices/sound.cpp.o[0m
[0.607s] [ 21%] [32mBuilding CXX object CMakeFiles/turtlebot3_node_lib.dir/src/devices/reset.cpp.o[0m
[0.607s] [ 28%] [32mBuilding CXX object CMakeFiles/turtlebot3_node_lib.dir/src/odometry.cpp.o[0m
[0.607s] [ 35%] [32mBuilding CXX object CMakeFiles/turtlebot3_node_lib.dir/src/turtlebot3.cpp.o[0m
[0.608s] [ 42%] [32mBuilding CXX object CMakeFiles/turtlebot3_node_lib.dir/src/sensors/battery_state.cpp.o[0m
[12.262s] [ 57%] [32mBuilding CXX object CMakeFiles/turtlebot3_node_lib.dir/src/sensors/joint_state.cpp.o[0m
[12.264s] [ 57%] [32mBuilding CXX object CMakeFiles/turtlebot3_node_lib.dir/src/sensors/imu.cpp.o[0m
[12.958s] [ 64%] [32mBuilding CXX object CMakeFiles/turtlebot3_node_lib.dir/src/sensors/sensor_state.cpp.o[0m
[29.911s] [ 71%] [32m[1mLinking CXX static library libturtlebot3_node_lib.a[0m
[30.670s] [ 85%] Built target turtlebot3_node_lib
[30.684s] [35m[1mConsolidate compiler generated dependencies of target turtlebot3_ros[0m
[30.712s] [ 92%] [32mBuilding CXX object CMakeFiles/turtlebot3_ros.dir/src/node_main.cpp.o[0m
[33.452s] [100%] [32m[1mLinking CXX executable turtlebot3_ros[0m
[35.196s] [100%] Built target turtlebot3_ros
[35.274s] Invoked command in '/home/parallels/ros2_ws/build/turtlebot3_node' returned '0': CMAKE_PREFIX_PATH=${CMAKE_PREFIX_PATH}:/home/parallels/ros2_ws/install/turtlebot3_teleop:/home/parallels/ros2_ws/install/turtlebot3_example:/home/parallels/ros2_ws/install/my_robot_controller:/opt/ros/humble /usr/bin/cmake --build /home/parallels/ros2_ws/build/turtlebot3_node -- -j6 -l6
[35.317s] Invoking command in '/home/parallels/ros2_ws/build/turtlebot3_node': CMAKE_PREFIX_PATH=${CMAKE_PREFIX_PATH}:/home/parallels/ros2_ws/install/turtlebot3_teleop:/home/parallels/ros2_ws/install/turtlebot3_example:/home/parallels/ros2_ws/install/my_robot_controller:/opt/ros/humble /usr/bin/cmake --install /home/parallels/ros2_ws/build/turtlebot3_node
[35.319s] -- Install configuration: ""
[35.319s] -- Execute custom install script
[35.319s] -- Up-to-date symlink: /home/parallels/ros2_ws/install/turtlebot3_node/share/turtlebot3_node/param/burger.yaml
[35.320s] -- Up-to-date symlink: /home/parallels/ros2_ws/install/turtlebot3_node/share/turtlebot3_node/param/waffle.yaml
[35.320s] -- Up-to-date symlink: /home/parallels/ros2_ws/install/turtlebot3_node/share/turtlebot3_node/param/waffle_pi.yaml
[35.320s] -- Up-to-date symlink: /home/parallels/ros2_ws/install/turtlebot3_node/lib/turtlebot3_node/turtlebot3_ros
[35.321s] -- Up-to-date symlink: /home/parallels/ros2_ws/install/turtlebot3_node/share/ament_index/resource_index/package_run_dependencies/turtlebot3_node
[35.322s] -- Up-to-date symlink: /home/parallels/ros2_ws/install/turtlebot3_node/share/ament_index/resource_index/parent_prefix_path/turtlebot3_node
[35.323s] -- Up-to-date symlink: /home/parallels/ros2_ws/install/turtlebot3_node/share/turtlebot3_node/environment/ament_prefix_path.sh
[35.324s] -- Up-to-date symlink: /home/parallels/ros2_ws/install/turtlebot3_node/share/turtlebot3_node/environment/ament_prefix_path.dsv
[35.324s] -- Up-to-date symlink: /home/parallels/ros2_ws/install/turtlebot3_node/share/turtlebot3_node/environment/path.sh
[35.324s] -- Up-to-date symlink: /home/parallels/ros2_ws/install/turtlebot3_node/share/turtlebot3_node/environment/path.dsv
[35.324s] -- Up-to-date symlink: /home/parallels/ros2_ws/install/turtlebot3_node/share/turtlebot3_node/local_setup.bash
[35.324s] -- Up-to-date symlink: /home/parallels/ros2_ws/install/turtlebot3_node/share/turtlebot3_node/local_setup.sh
[35.325s] -- Up-to-date symlink: /home/parallels/ros2_ws/install/turtlebot3_node/share/turtlebot3_node/local_setup.zsh
[35.325s] -- Up-to-date symlink: /home/parallels/ros2_ws/install/turtlebot3_node/share/turtlebot3_node/local_setup.dsv
[35.325s] -- Symlinking: /home/parallels/ros2_ws/install/turtlebot3_node/share/turtlebot3_node/package.dsv
[35.331s] -- Up-to-date symlink: /home/parallels/ros2_ws/install/turtlebot3_node/share/ament_index/resource_index/packages/turtlebot3_node
[35.332s] -- Up-to-date symlink: /home/parallels/ros2_ws/install/turtlebot3_node/share/turtlebot3_node/cmake/ament_cmake_export_include_directories-extras.cmake
[35.332s] -- Up-to-date symlink: /home/parallels/ros2_ws/install/turtlebot3_node/share/turtlebot3_node/cmake/turtlebot3_nodeConfig.cmake
[35.332s] -- Up-to-date symlink: /home/parallels/ros2_ws/install/turtlebot3_node/share/turtlebot3_node/cmake/turtlebot3_nodeConfig-version.cmake
[35.332s] -- Up-to-date symlink: /home/parallels/ros2_ws/install/turtlebot3_node/share/turtlebot3_node/package.xml
[35.342s] Invoked command in '/home/parallels/ros2_ws/build/turtlebot3_node' returned '0': CMAKE_PREFIX_PATH=${CMAKE_PREFIX_PATH}:/home/parallels/ros2_ws/install/turtlebot3_teleop:/home/parallels/ros2_ws/install/turtlebot3_example:/home/parallels/ros2_ws/install/my_robot_controller:/opt/ros/humble /usr/bin/cmake --install /home/parallels/ros2_ws/build/turtlebot3_node
