[0.280s] Invoking command in '/home/parallels/ros2_ws/build/sllidar_ros2': CMAKE_PREFIX_PATH=${CMAKE_PREFIX_PATH}:/home/parallels/ros2_ws/install/my_robot_controller:/opt/ros/humble /usr/bin/cmake /home/parallels/ros2_ws/src/sllidar_ros2 -DCMAKE_INSTALL_PREFIX=/home/parallels/ros2_ws/install/sllidar_ros2
[0.295s] -- Found ament_cmake: 1.3.10 (/opt/ros/humble/share/ament_cmake/cmake)
[0.441s] -- Override CMake install command with custom implementation using symlinks instead of copying resources
[0.453s] -- Found rclcpp: 16.0.10 (/opt/ros/humble/share/rclcpp/cmake)
[0.508s] -- Found rosidl_generator_c: 3.1.5 (/opt/ros/humble/share/rosidl_generator_c/cmake)
[0.512s] -- Found rosidl_adapter: 3.1.5 (/opt/ros/humble/share/rosidl_adapter/cmake)
[0.529s] -- Found rosidl_generator_cpp: 3.1.5 (/opt/ros/humble/share/rosidl_generator_cpp/cmake)
[0.546s] -- Using all available rosidl_typesupport_c: rosidl_typesupport_fastrtps_c;rosidl_typesupport_introspection_c
[0.575s] -- Using all available rosidl_typesupport_cpp: rosidl_typesupport_fastrtps_cpp;rosidl_typesupport_introspection_cpp
[0.666s] -- Found rmw_implementation_cmake: 6.1.2 (/opt/ros/humble/share/rmw_implementation_cmake/cmake)
[0.677s] -- Found rmw_cyclonedds_cpp: 1.3.4 (/opt/ros/humble/share/rmw_cyclonedds_cpp/cmake)
[0.716s] -- Using RMW implementation 'rmw_cyclonedds_cpp' as default
[0.814s] -- Found sensor_msgs: 4.2.4 (/opt/ros/humble/share/sensor_msgs/cmake)
[0.871s] -- Found std_srvs: 4.2.4 (/opt/ros/humble/share/std_srvs/cmake)
[1.055s] -- Configuring done
[1.107s] -- Generating done
[1.111s] -- Build files have been written to: /home/parallels/ros2_ws/build/sllidar_ros2
[1.127s] Invoked command in '/home/parallels/ros2_ws/build/sllidar_ros2' returned '0': CMAKE_PREFIX_PATH=${CMAKE_PREFIX_PATH}:/home/parallels/ros2_ws/install/my_robot_controller:/opt/ros/humble /usr/bin/cmake /home/parallels/ros2_ws/src/sllidar_ros2 -DCMAKE_INSTALL_PREFIX=/home/parallels/ros2_ws/install/sllidar_ros2
[1.128s] Invoking command in '/home/parallels/ros2_ws/build/sllidar_ros2': CMAKE_PREFIX_PATH=${CMAKE_PREFIX_PATH}:/home/parallels/ros2_ws/install/my_robot_controller:/opt/ros/humble /usr/bin/cmake --build /home/parallels/ros2_ws/build/sllidar_ros2 -- -j6 -l6
[1.197s] [35m[1mConsolidate compiler generated dependencies of target sllidar_client[0m
[1.223s] [35m[1mConsolidate compiler generated dependencies of target sllidar_node[0m
[1.264s] [ 10%] Built target sllidar_client
[1.319s] [100%] Built target sllidar_node
[1.342s] Invoked command in '/home/parallels/ros2_ws/build/sllidar_ros2' returned '0': CMAKE_PREFIX_PATH=${CMAKE_PREFIX_PATH}:/home/parallels/ros2_ws/install/my_robot_controller:/opt/ros/humble /usr/bin/cmake --build /home/parallels/ros2_ws/build/sllidar_ros2 -- -j6 -l6
[1.479s] Invoking command in '/home/parallels/ros2_ws/build/sllidar_ros2': CMAKE_PREFIX_PATH=${CMAKE_PREFIX_PATH}:/home/parallels/ros2_ws/install/my_robot_controller:/opt/ros/humble /usr/bin/cmake --install /home/parallels/ros2_ws/build/sllidar_ros2
[1.495s] -- Install configuration: ""
[1.496s] -- Execute custom install script
[1.498s] -- Up-to-date symlink: /home/parallels/ros2_ws/install/sllidar_ros2/share/sllidar_ros2/launch/sllidar_a1_launch.py
[1.499s] -- Up-to-date symlink: /home/parallels/ros2_ws/install/sllidar_ros2/share/sllidar_ros2/launch/sllidar_a2m12_launch .py
[1.500s] -- Up-to-date symlink: /home/parallels/ros2_ws/install/sllidar_ros2/share/sllidar_ros2/launch/sllidar_a2m7_launch.py
[1.501s] -- Up-to-date symlink: /home/parallels/ros2_ws/install/sllidar_ros2/share/sllidar_ros2/launch/sllidar_a2m8_launch.py
[1.501s] -- Up-to-date symlink: /home/parallels/ros2_ws/install/sllidar_ros2/share/sllidar_ros2/launch/sllidar_a3_launch.py
[1.501s] -- Up-to-date symlink: /home/parallels/ros2_ws/install/sllidar_ros2/share/sllidar_ros2/launch/sllidar_c1_launch.py
[1.502s] -- Up-to-date symlink: /home/parallels/ros2_ws/install/sllidar_ros2/share/sllidar_ros2/launch/sllidar_s1_launch.py
[1.502s] -- Up-to-date symlink: /home/parallels/ros2_ws/install/sllidar_ros2/share/sllidar_ros2/launch/sllidar_s1_tcp_launch.py
[1.503s] -- Up-to-date symlink: /home/parallels/ros2_ws/install/sllidar_ros2/share/sllidar_ros2/launch/sllidar_s2_launch.py
[1.503s] -- Up-to-date symlink: /home/parallels/ros2_ws/install/sllidar_ros2/share/sllidar_ros2/launch/sllidar_s2e_launch.py
[1.503s] -- Up-to-date symlink: /home/parallels/ros2_ws/install/sllidar_ros2/share/sllidar_ros2/launch/sllidar_s3_launch.py
[1.503s] -- Up-to-date symlink: /home/parallels/ros2_ws/install/sllidar_ros2/share/sllidar_ros2/launch/sllidar_t1_launch.py
[1.503s] -- Up-to-date symlink: /home/parallels/ros2_ws/install/sllidar_ros2/share/sllidar_ros2/launch/view_sllidar_a1_launch.py
[1.504s] -- Up-to-date symlink: /home/parallels/ros2_ws/install/sllidar_ros2/share/sllidar_ros2/launch/view_sllidar_a2m12_launch.py
[1.504s] -- Up-to-date symlink: /home/parallels/ros2_ws/install/sllidar_ros2/share/sllidar_ros2/launch/view_sllidar_a2m7_launch.py
[1.504s] -- Up-to-date symlink: /home/parallels/ros2_ws/install/sllidar_ros2/share/sllidar_ros2/launch/view_sllidar_a2m8_launch.py
[1.504s] -- Up-to-date symlink: /home/parallels/ros2_ws/install/sllidar_ros2/share/sllidar_ros2/launch/view_sllidar_a3_launch.py
[1.504s] -- Up-to-date symlink: /home/parallels/ros2_ws/install/sllidar_ros2/share/sllidar_ros2/launch/view_sllidar_c1_launch.py
[1.504s] -- Up-to-date symlink: /home/parallels/ros2_ws/install/sllidar_ros2/share/sllidar_ros2/launch/view_sllidar_s1_launch.py
[1.504s] -- Up-to-date symlink: /home/parallels/ros2_ws/install/sllidar_ros2/share/sllidar_ros2/launch/view_sllidar_s1_tcp_launch.py
[1.504s] -- Up-to-date symlink: /home/parallels/ros2_ws/install/sllidar_ros2/share/sllidar_ros2/launch/view_sllidar_s2_launch.py
[1.504s] -- Up-to-date symlink: /home/parallels/ros2_ws/install/sllidar_ros2/share/sllidar_ros2/launch/view_sllidar_s2e_launch.py
[1.506s] -- Up-to-date symlink: /home/parallels/ros2_ws/install/sllidar_ros2/share/sllidar_ros2/launch/view_sllidar_s3_launch.py
[1.506s] -- Up-to-date symlink: /home/parallels/ros2_ws/install/sllidar_ros2/share/sllidar_ros2/launch/view_sllidar_t1_launch.py
[1.506s] -- Up-to-date symlink: /home/parallels/ros2_ws/install/sllidar_ros2/share/sllidar_ros2/rviz/sllidar_ros2.rviz
[1.506s] -- Up-to-date symlink: /home/parallels/ros2_ws/install/sllidar_ros2/lib/sllidar_ros2/sllidar_node
[1.506s] -- Up-to-date symlink: /home/parallels/ros2_ws/install/sllidar_ros2/lib/sllidar_ros2/sllidar_client
[1.506s] -- Up-to-date symlink: /home/parallels/ros2_ws/install/sllidar_ros2/share/ament_index/resource_index/package_run_dependencies/sllidar_ros2
[1.506s] -- Up-to-date symlink: /home/parallels/ros2_ws/install/sllidar_ros2/share/ament_index/resource_index/parent_prefix_path/sllidar_ros2
[1.509s] -- Up-to-date symlink: /home/parallels/ros2_ws/install/sllidar_ros2/share/sllidar_ros2/environment/ament_prefix_path.sh
[1.509s] -- Up-to-date symlink: /home/parallels/ros2_ws/install/sllidar_ros2/share/sllidar_ros2/environment/ament_prefix_path.dsv
[1.509s] -- Up-to-date symlink: /home/parallels/ros2_ws/install/sllidar_ros2/share/sllidar_ros2/environment/path.sh
[1.509s] -- Up-to-date symlink: /home/parallels/ros2_ws/install/sllidar_ros2/share/sllidar_ros2/environment/path.dsv
[1.509s] -- Up-to-date symlink: /home/parallels/ros2_ws/install/sllidar_ros2/share/sllidar_ros2/local_setup.bash
[1.510s] -- Up-to-date symlink: /home/parallels/ros2_ws/install/sllidar_ros2/share/sllidar_ros2/local_setup.sh
[1.510s] -- Up-to-date symlink: /home/parallels/ros2_ws/install/sllidar_ros2/share/sllidar_ros2/local_setup.zsh
[1.510s] -- Up-to-date symlink: /home/parallels/ros2_ws/install/sllidar_ros2/share/sllidar_ros2/local_setup.dsv
[1.510s] -- Symlinking: /home/parallels/ros2_ws/install/sllidar_ros2/share/sllidar_ros2/package.dsv
[1.527s] -- Up-to-date symlink: /home/parallels/ros2_ws/install/sllidar_ros2/share/ament_index/resource_index/packages/sllidar_ros2
[1.528s] -- Up-to-date symlink: /home/parallels/ros2_ws/install/sllidar_ros2/share/sllidar_ros2/cmake/ament_cmake_export_dependencies-extras.cmake
[1.528s] -- Up-to-date symlink: /home/parallels/ros2_ws/install/sllidar_ros2/share/sllidar_ros2/cmake/ament_cmake_export_include_directories-extras.cmake
[1.528s] -- Up-to-date symlink: /home/parallels/ros2_ws/install/sllidar_ros2/share/sllidar_ros2/cmake/sllidar_ros2Config.cmake
[1.528s] -- Up-to-date symlink: /home/parallels/ros2_ws/install/sllidar_ros2/share/sllidar_ros2/cmake/sllidar_ros2Config-version.cmake
[1.528s] -- Up-to-date symlink: /home/parallels/ros2_ws/install/sllidar_ros2/share/sllidar_ros2/package.xml
[1.533s] Invoked command in '/home/parallels/ros2_ws/build/sllidar_ros2' returned '0': CMAKE_PREFIX_PATH=${CMAKE_PREFIX_PATH}:/home/parallels/ros2_ws/install/my_robot_controller:/opt/ros/humble /usr/bin/cmake --install /home/parallels/ros2_ws/build/sllidar_ros2
