[0.037s] Invoking command in '/home/parallels/ros2_ws/build/turtlebot3_gazebo': CMAKE_PREFIX_PATH=${CMAKE_PREFIX_PATH}:/home/parallels/ros2_ws/install/turtlebot3_teleop:/home/parallels/ros2_ws/install/turtlebot3_example:/home/parallels/ros2_ws/install/my_robot_controller:/opt/ros/humble /usr/bin/cmake /home/parallels/ros2_ws/src/turtlebot3_simulations/turtlebot3_gazebo -DAMENT_CMAKE_SYMLINK_INSTALL=1 -DCMAKE_INSTALL_PREFIX=/home/parallels/ros2_ws/install/turtlebot3_gazebo
[0.833s] -- The C compiler identification is GNU 11.4.0
[0.833s] -- The CXX compiler identification is GNU 11.4.0
[0.833s] -- Detecting C compiler ABI info
[0.833s] -- Detecting C compiler ABI info - done
[0.843s] -- Check for working C compiler: /usr/bin/cc - skipped
[0.843s] -- Detecting C compile features
[0.844s] -- Detecting C compile features - done
[0.852s] -- Detecting CXX compiler ABI info
[1.036s] -- Detecting CXX compiler ABI info - done
[1.051s] -- Check for working CXX compiler: /usr/bin/c++ - skipped
[1.051s] -- Detecting CXX compile features
[1.051s] -- Detecting CXX compile features - done
[1.062s] -- Found ament_cmake: 1.3.10 (/opt/ros/humble/share/ament_cmake/cmake)
[1.395s] -- Found Python3: /usr/bin/python3 (found version "3.10.12") found components: Interpreter 
[1.774s] -- Override CMake install command with custom implementation using symlinks instead of copying resources
[1.890s] [31mCMake Error at CMakeLists.txt:23 (find_package):
[1.890s]   By not providing "Findgazebo.cmake" in CMAKE_MODULE_PATH this project has
[1.890s]   asked CMake to find a package configuration file provided by "gazebo", but
[1.890s]   CMake did not find one.
[1.890s] 
[1.890s]   Could not find a package configuration file provided by "gazebo" with any
[1.890s]   of the following names:
[1.890s] 
[1.890s]     gazeboConfig.cmake
[1.890s]     gazebo-config.cmake
[1.890s] 
[1.891s]   Add the installation prefix of "gazebo" to CMAKE_PREFIX_PATH or set
[1.891s]   "gazebo_DIR" to a directory containing one of the above files.  If "gazebo"
[1.891s]   provides a separate development package or SDK, be sure it has been
[1.891s]   installed.
[1.891s] 
[1.891s] [0m
[1.891s] -- Configuring incomplete, errors occurred!
[1.891s] See also "/home/parallels/ros2_ws/build/turtlebot3_gazebo/CMakeFiles/CMakeOutput.log".
[2.027s] Invoked command in '/home/parallels/ros2_ws/build/turtlebot3_gazebo' returned '1': CMAKE_PREFIX_PATH=${CMAKE_PREFIX_PATH}:/home/parallels/ros2_ws/install/turtlebot3_teleop:/home/parallels/ros2_ws/install/turtlebot3_example:/home/parallels/ros2_ws/install/my_robot_controller:/opt/ros/humble /usr/bin/cmake /home/parallels/ros2_ws/src/turtlebot3_simulations/turtlebot3_gazebo -DAMENT_CMAKE_SYMLINK_INSTALL=1 -DCMAKE_INSTALL_PREFIX=/home/parallels/ros2_ws/install/turtlebot3_gazebo
