[0.028s] Invoking command in '/home/parallels/ros2_ws/build/turtlebot3_bringup': CMAKE_PREFIX_PATH=/home/parallels/ros2_ws/install/turtlebot3_node:/home/parallels/ros2_ws/install/turtlebot3_description:/home/parallels/ros2_ws/install/turtlebot3:/home/parallels/ros2_ws/install/turtlebot3_bringup:/home/parallels/ros2_ws/install/turtlebot3_navigation2:/home/parallels/ros2_ws/install/turtlebot3_cartographer:/home/parallels/ros2_ws/install/sllidar_ros2:/home/parallels/ros2_ws/install/turtlebot3_teleop:/home/parallels/ros2_ws/install/turtlebot3_example:/home/parallels/ros2_ws/install/my_robot_controller:/opt/ros/humble /usr/bin/cmake --build /home/parallels/ros2_ws/build/turtlebot3_bringup -- -j6 -l6
[0.082s] Invoked command in '/home/parallels/ros2_ws/build/turtlebot3_bringup' returned '0': CMAKE_PREFIX_PATH=/home/parallels/ros2_ws/install/turtlebot3_node:/home/parallels/ros2_ws/install/turtlebot3_description:/home/parallels/ros2_ws/install/turtlebot3:/home/parallels/ros2_ws/install/turtlebot3_bringup:/home/parallels/ros2_ws/install/turtlebot3_navigation2:/home/parallels/ros2_ws/install/turtlebot3_cartographer:/home/parallels/ros2_ws/install/sllidar_ros2:/home/parallels/ros2_ws/install/turtlebot3_teleop:/home/parallels/ros2_ws/install/turtlebot3_example:/home/parallels/ros2_ws/install/my_robot_controller:/opt/ros/humble /usr/bin/cmake --build /home/parallels/ros2_ws/build/turtlebot3_bringup -- -j6 -l6
[0.121s] Invoking command in '/home/parallels/ros2_ws/build/turtlebot3_bringup': CMAKE_PREFIX_PATH=/home/parallels/ros2_ws/install/turtlebot3_node:/home/parallels/ros2_ws/install/turtlebot3_description:/home/parallels/ros2_ws/install/turtlebot3:/home/parallels/ros2_ws/install/turtlebot3_bringup:/home/parallels/ros2_ws/install/turtlebot3_navigation2:/home/parallels/ros2_ws/install/turtlebot3_cartographer:/home/parallels/ros2_ws/install/sllidar_ros2:/home/parallels/ros2_ws/install/turtlebot3_teleop:/home/parallels/ros2_ws/install/turtlebot3_example:/home/parallels/ros2_ws/install/my_robot_controller:/opt/ros/humble /usr/bin/cmake --install /home/parallels/ros2_ws/build/turtlebot3_bringup
[0.134s] -- Install configuration: ""
[0.136s] -- Execute custom install script
[0.137s] -- Up-to-date symlink: /home/parallels/ros2_ws/install/turtlebot3_bringup/share/turtlebot3_bringup/launch/robot.launch.py
[0.138s] -- Up-to-date symlink: /home/parallels/ros2_ws/install/turtlebot3_bringup/share/turtlebot3_bringup/launch/rviz2.launch.py
[0.139s] -- Up-to-date symlink: /home/parallels/ros2_ws/install/turtlebot3_bringup/share/turtlebot3_bringup/launch/turtlebot3_state_publisher.launch.py
[0.140s] -- Up-to-date symlink: /home/parallels/ros2_ws/install/turtlebot3_bringup/share/turtlebot3_bringup/param/burger.yaml
[0.140s] -- Up-to-date symlink: /home/parallels/ros2_ws/install/turtlebot3_bringup/share/turtlebot3_bringup/param/waffle.yaml
[0.140s] -- Up-to-date symlink: /home/parallels/ros2_ws/install/turtlebot3_bringup/share/turtlebot3_bringup/param/waffle_pi.yaml
[0.141s] -- Up-to-date symlink: /home/parallels/ros2_ws/install/turtlebot3_bringup/share/turtlebot3_bringup/script/99-turtlebot3-cdc.rules
[0.141s] -- Up-to-date symlink: /home/parallels/ros2_ws/install/turtlebot3_bringup/share/turtlebot3_bringup/script/create_udev_rules
[0.142s] -- Up-to-date symlink: /home/parallels/ros2_ws/install/turtlebot3_bringup/share/ament_index/resource_index/package_run_dependencies/turtlebot3_bringup
[0.143s] -- Up-to-date symlink: /home/parallels/ros2_ws/install/turtlebot3_bringup/share/ament_index/resource_index/parent_prefix_path/turtlebot3_bringup
[0.144s] -- Up-to-date symlink: /home/parallels/ros2_ws/install/turtlebot3_bringup/share/turtlebot3_bringup/environment/ament_prefix_path.sh
[0.144s] -- Up-to-date symlink: /home/parallels/ros2_ws/install/turtlebot3_bringup/share/turtlebot3_bringup/environment/ament_prefix_path.dsv
[0.144s] -- Up-to-date symlink: /home/parallels/ros2_ws/install/turtlebot3_bringup/share/turtlebot3_bringup/environment/path.sh
[0.144s] -- Up-to-date symlink: /home/parallels/ros2_ws/install/turtlebot3_bringup/share/turtlebot3_bringup/environment/path.dsv
[0.153s] -- Up-to-date symlink: /home/parallels/ros2_ws/install/turtlebot3_bringup/share/turtlebot3_bringup/local_setup.bash
[0.154s] -- Up-to-date symlink: /home/parallels/ros2_ws/install/turtlebot3_bringup/share/turtlebot3_bringup/local_setup.sh
[0.154s] -- Up-to-date symlink: /home/parallels/ros2_ws/install/turtlebot3_bringup/share/turtlebot3_bringup/local_setup.zsh
[0.154s] -- Up-to-date symlink: /home/parallels/ros2_ws/install/turtlebot3_bringup/share/turtlebot3_bringup/local_setup.dsv
[0.154s] -- Symlinking: /home/parallels/ros2_ws/install/turtlebot3_bringup/share/turtlebot3_bringup/package.dsv
[0.167s] -- Up-to-date symlink: /home/parallels/ros2_ws/install/turtlebot3_bringup/share/ament_index/resource_index/packages/turtlebot3_bringup
[0.167s] -- Up-to-date symlink: /home/parallels/ros2_ws/install/turtlebot3_bringup/share/turtlebot3_bringup/cmake/turtlebot3_bringupConfig.cmake
[0.168s] -- Up-to-date symlink: /home/parallels/ros2_ws/install/turtlebot3_bringup/share/turtlebot3_bringup/cmake/turtlebot3_bringupConfig-version.cmake
[0.169s] -- Up-to-date symlink: /home/parallels/ros2_ws/install/turtlebot3_bringup/share/turtlebot3_bringup/package.xml
[0.176s] Invoked command in '/home/parallels/ros2_ws/build/turtlebot3_bringup' returned '0': CMAKE_PREFIX_PATH=/home/parallels/ros2_ws/install/turtlebot3_node:/home/parallels/ros2_ws/install/turtlebot3_description:/home/parallels/ros2_ws/install/turtlebot3:/home/parallels/ros2_ws/install/turtlebot3_bringup:/home/parallels/ros2_ws/install/turtlebot3_navigation2:/home/parallels/ros2_ws/install/turtlebot3_cartographer:/home/parallels/ros2_ws/install/sllidar_ros2:/home/parallels/ros2_ws/install/turtlebot3_teleop:/home/parallels/ros2_ws/install/turtlebot3_example:/home/parallels/ros2_ws/install/my_robot_controller:/opt/ros/humble /usr/bin/cmake --install /home/parallels/ros2_ws/build/turtlebot3_bringup
