[0.187s] Invoking command in '/home/parallels/ros2_ws/build/turtlebot3_navigation2': CMAKE_PREFIX_PATH=${CMAKE_PREFIX_PATH}:/home/parallels/ros2_ws/install/my_robot_controller:/opt/ros/humble /usr/bin/cmake /home/parallels/ros2_ws/src/turtlebot3/turtlebot3_navigation2 -DAMENT_CMAKE_SYMLINK_INSTALL=1 -DCMAKE_INSTALL_PREFIX=/home/parallels/ros2_ws/install/turtlebot3_navigation2
[0.239s] -- The C compiler identification is GNU 11.4.0
[0.285s] -- The CXX compiler identification is GNU 11.4.0
[0.292s] -- Detecting C compiler ABI info
[0.385s] -- Detecting C compiler ABI info - done
[0.392s] -- Check for working C compiler: /usr/bin/cc - skipped
[0.392s] -- Detecting C compile features
[0.392s] -- Detecting C compile features - done
[0.392s] -- Detecting CXX compiler ABI info
[0.486s] -- Detecting CXX compiler ABI info - done
[0.494s] -- Check for working CXX compiler: /usr/bin/c++ - skipped
[0.494s] -- Detecting CXX compile features
[0.494s] -- Detecting CXX compile features - done
[0.499s] -- Found ament_cmake: 1.3.10 (/opt/ros/humble/share/ament_cmake/cmake)
[0.669s] -- Found Python3: /usr/bin/python3 (found version "3.10.12") found components: Interpreter 
[0.718s] -- Override CMake install command with custom implementation using symlinks instead of copying resources
[0.844s] -- Configuring done
[0.845s] -- Generating done
[0.845s] -- Build files have been written to: /home/parallels/ros2_ws/build/turtlebot3_navigation2
[0.858s] Invoked command in '/home/parallels/ros2_ws/build/turtlebot3_navigation2' returned '0': CMAKE_PREFIX_PATH=${CMAKE_PREFIX_PATH}:/home/parallels/ros2_ws/install/my_robot_controller:/opt/ros/humble /usr/bin/cmake /home/parallels/ros2_ws/src/turtlebot3/turtlebot3_navigation2 -DAMENT_CMAKE_SYMLINK_INSTALL=1 -DCMAKE_INSTALL_PREFIX=/home/parallels/ros2_ws/install/turtlebot3_navigation2
[0.859s] Invoking command in '/home/parallels/ros2_ws/build/turtlebot3_navigation2': CMAKE_PREFIX_PATH=${CMAKE_PREFIX_PATH}:/home/parallels/ros2_ws/install/my_robot_controller:/opt/ros/humble /usr/bin/cmake --build /home/parallels/ros2_ws/build/turtlebot3_navigation2 -- -j6 -l6
[0.904s] Invoked command in '/home/parallels/ros2_ws/build/turtlebot3_navigation2' returned '0': CMAKE_PREFIX_PATH=${CMAKE_PREFIX_PATH}:/home/parallels/ros2_ws/install/my_robot_controller:/opt/ros/humble /usr/bin/cmake --build /home/parallels/ros2_ws/build/turtlebot3_navigation2 -- -j6 -l6
[0.938s] Invoking command in '/home/parallels/ros2_ws/build/turtlebot3_navigation2': CMAKE_PREFIX_PATH=${CMAKE_PREFIX_PATH}:/home/parallels/ros2_ws/install/my_robot_controller:/opt/ros/humble /usr/bin/cmake --install /home/parallels/ros2_ws/build/turtlebot3_navigation2
[1.083s] -- Install configuration: ""
[1.083s] -- Execute custom install script
[1.083s] -- Symlinking: /home/parallels/ros2_ws/install/turtlebot3_navigation2/share/turtlebot3_navigation2/launch/navigation2.launch.py
[1.083s] -- Symlinking: /home/parallels/ros2_ws/install/turtlebot3_navigation2/share/turtlebot3_navigation2/map/map.pgm
[1.083s] -- Symlinking: /home/parallels/ros2_ws/install/turtlebot3_navigation2/share/turtlebot3_navigation2/map/map.yaml
[1.083s] -- Symlinking: /home/parallels/ros2_ws/install/turtlebot3_navigation2/share/turtlebot3_navigation2/param/burger.yaml
[1.083s] -- Symlinking: /home/parallels/ros2_ws/install/turtlebot3_navigation2/share/turtlebot3_navigation2/param/waffle.yaml
[1.083s] -- Symlinking: /home/parallels/ros2_ws/install/turtlebot3_navigation2/share/turtlebot3_navigation2/param/waffle_pi.yaml
[1.083s] -- Symlinking: /home/parallels/ros2_ws/install/turtlebot3_navigation2/share/turtlebot3_navigation2/rviz/tb3_navigation2.rviz
[1.083s] -- Symlinking: /home/parallels/ros2_ws/install/turtlebot3_navigation2/share/ament_index/resource_index/package_run_dependencies/turtlebot3_navigation2
[1.083s] -- Symlinking: /home/parallels/ros2_ws/install/turtlebot3_navigation2/share/ament_index/resource_index/parent_prefix_path/turtlebot3_navigation2
[1.083s] -- Symlinking: /home/parallels/ros2_ws/install/turtlebot3_navigation2/share/turtlebot3_navigation2/environment/ament_prefix_path.sh
[1.083s] -- Symlinking: /home/parallels/ros2_ws/install/turtlebot3_navigation2/share/turtlebot3_navigation2/environment/ament_prefix_path.dsv
[1.092s] -- Symlinking: /home/parallels/ros2_ws/install/turtlebot3_navigation2/share/turtlebot3_navigation2/environment/path.sh
[1.100s] -- Symlinking: /home/parallels/ros2_ws/install/turtlebot3_navigation2/share/turtlebot3_navigation2/environment/path.dsv
[1.109s] -- Symlinking: /home/parallels/ros2_ws/install/turtlebot3_navigation2/share/turtlebot3_navigation2/local_setup.bash
[1.120s] -- Symlinking: /home/parallels/ros2_ws/install/turtlebot3_navigation2/share/turtlebot3_navigation2/local_setup.sh
[1.128s] -- Symlinking: /home/parallels/ros2_ws/install/turtlebot3_navigation2/share/turtlebot3_navigation2/local_setup.zsh
[1.136s] -- Symlinking: /home/parallels/ros2_ws/install/turtlebot3_navigation2/share/turtlebot3_navigation2/local_setup.dsv
[1.142s] -- Symlinking: /home/parallels/ros2_ws/install/turtlebot3_navigation2/share/turtlebot3_navigation2/package.dsv
[1.148s] -- Symlinking: /home/parallels/ros2_ws/install/turtlebot3_navigation2/share/ament_index/resource_index/packages/turtlebot3_navigation2
[1.157s] -- Symlinking: /home/parallels/ros2_ws/install/turtlebot3_navigation2/share/turtlebot3_navigation2/cmake/turtlebot3_navigation2Config.cmake
[1.168s] -- Symlinking: /home/parallels/ros2_ws/install/turtlebot3_navigation2/share/turtlebot3_navigation2/cmake/turtlebot3_navigation2Config-version.cmake
[1.185s] -- Symlinking: /home/parallels/ros2_ws/install/turtlebot3_navigation2/share/turtlebot3_navigation2/package.xml
[1.372s] Invoked command in '/home/parallels/ros2_ws/build/turtlebot3_navigation2' returned '0': CMAKE_PREFIX_PATH=${CMAKE_PREFIX_PATH}:/home/parallels/ros2_ws/install/my_robot_controller:/opt/ros/humble /usr/bin/cmake --install /home/parallels/ros2_ws/build/turtlebot3_navigation2
