[0.694s] Invoking command in '/home/parallels/ros2_ws/build/turtlebot3_example': PYTHONPATH=/home/parallels/ros2_ws/build/turtlebot3_example/prefix_override:/usr/lib/python3/dist-packages/colcon_core/task/python/colcon_distutils_commands:/home/parallels/ros2_ws/install/turtlebot3_example/lib/python3.10/site-packages:${PYTHONPATH} /usr/bin/python3 -W ignore:setup.py install is deprecated setup.py develop --editable --build-directory /home/parallels/ros2_ws/build/turtlebot3_example/build --no-deps symlink_data
[0.888s] running develop
[1.034s] running egg_info
[1.035s] writing turtlebot3_example.egg-info/PKG-INFO
[1.035s] writing dependency_links to turtlebot3_example.egg-info/dependency_links.txt
[1.035s] writing entry points to turtlebot3_example.egg-info/entry_points.txt
[1.036s] writing requirements to turtlebot3_example.egg-info/requires.txt
[1.036s] writing top-level names to turtlebot3_example.egg-info/top_level.txt
[1.038s] reading manifest file 'turtlebot3_example.egg-info/SOURCES.txt'
[1.040s] writing manifest file 'turtlebot3_example.egg-info/SOURCES.txt'
[1.041s] running build_ext
[1.041s] Creating /home/parallels/ros2_ws/install/turtlebot3_example/lib/python3.10/site-packages/turtlebot3-example.egg-link (link to .)
[1.041s] Installing turtlebot3_obstacle_detection script to /home/parallels/ros2_ws/install/turtlebot3_example/lib/turtlebot3_example
[1.041s] Installing turtlebot3_patrol_client script to /home/parallels/ros2_ws/install/turtlebot3_example/lib/turtlebot3_example
[1.041s] Installing turtlebot3_patrol_server script to /home/parallels/ros2_ws/install/turtlebot3_example/lib/turtlebot3_example
[1.042s] Installing turtlebot3_position_control script to /home/parallels/ros2_ws/install/turtlebot3_example/lib/turtlebot3_example
[1.042s] 
[1.042s] Installed /home/parallels/ros2_ws/build/turtlebot3_example
[1.042s] running symlink_data
[1.072s] Invoked command in '/home/parallels/ros2_ws/build/turtlebot3_example' returned '0': PYTHONPATH=/home/parallels/ros2_ws/build/turtlebot3_example/prefix_override:/usr/lib/python3/dist-packages/colcon_core/task/python/colcon_distutils_commands:/home/parallels/ros2_ws/install/turtlebot3_example/lib/python3.10/site-packages:${PYTHONPATH} /usr/bin/python3 -W ignore:setup.py install is deprecated setup.py develop --editable --build-directory /home/parallels/ros2_ws/build/turtlebot3_example/build --no-deps symlink_data
