[0.031s] Invoking command in '/home/parallels/ros2_ws/build/turtlebot3_bringup': CMAKE_PREFIX_PATH=/home/parallels/ros2_ws/install/turtlebot3_node:/home/parallels/ros2_ws/install/turtlebot3_description:/home/parallels/ros2_ws/install/turtlebot3:/home/parallels/ros2_ws/install/turtlebot3_bringup:/home/parallels/ros2_ws/install/turtlebot3_navigation2:/home/parallels/ros2_ws/install/turtlebot3_cartographer:/home/parallels/ros2_ws/install/sllidar_ros2:/home/parallels/ros2_ws/install/turtlebot3_teleop:/home/parallels/ros2_ws/install/turtlebot3_example:/home/parallels/ros2_ws/install/my_robot_controller:/opt/ros/humble /usr/bin/cmake --build /home/parallels/ros2_ws/build/turtlebot3_bringup -- -j6 -l6
[0.067s] -- Found ament_cmake: 1.3.10 (/opt/ros/humble/share/ament_cmake/cmake)
[0.232s] -- Override CMake install command with custom implementation using symlinks instead of copying resources
[0.331s] -- Configuring done
[0.336s] -- Generating done
[0.337s] -- Build files have been written to: /home/parallels/ros2_ws/build/turtlebot3_bringup
[0.354s] Invoked command in '/home/parallels/ros2_ws/build/turtlebot3_bringup' returned '0': CMAKE_PREFIX_PATH=/home/parallels/ros2_ws/install/turtlebot3_node:/home/parallels/ros2_ws/install/turtlebot3_description:/home/parallels/ros2_ws/install/turtlebot3:/home/parallels/ros2_ws/install/turtlebot3_bringup:/home/parallels/ros2_ws/install/turtlebot3_navigation2:/home/parallels/ros2_ws/install/turtlebot3_cartographer:/home/parallels/ros2_ws/install/sllidar_ros2:/home/parallels/ros2_ws/install/turtlebot3_teleop:/home/parallels/ros2_ws/install/turtlebot3_example:/home/parallels/ros2_ws/install/my_robot_controller:/opt/ros/humble /usr/bin/cmake --build /home/parallels/ros2_ws/build/turtlebot3_bringup -- -j6 -l6
[0.372s] Invoking command in '/home/parallels/ros2_ws/build/turtlebot3_bringup': CMAKE_PREFIX_PATH=/home/parallels/ros2_ws/install/turtlebot3_node:/home/parallels/ros2_ws/install/turtlebot3_description:/home/parallels/ros2_ws/install/turtlebot3:/home/parallels/ros2_ws/install/turtlebot3_bringup:/home/parallels/ros2_ws/install/turtlebot3_navigation2:/home/parallels/ros2_ws/install/turtlebot3_cartographer:/home/parallels/ros2_ws/install/sllidar_ros2:/home/parallels/ros2_ws/install/turtlebot3_teleop:/home/parallels/ros2_ws/install/turtlebot3_example:/home/parallels/ros2_ws/install/my_robot_controller:/opt/ros/humble /usr/bin/cmake --install /home/parallels/ros2_ws/build/turtlebot3_bringup
[0.377s] -- Install configuration: ""
[0.377s] -- Execute custom install script
[0.378s] -- Up-to-date symlink: /home/parallels/ros2_ws/install/turtlebot3_bringup/share/turtlebot3_bringup/launch/robot.launch.py
[0.378s] -- Up-to-date symlink: /home/parallels/ros2_ws/install/turtlebot3_bringup/share/turtlebot3_bringup/launch/rviz2.launch.py
[0.378s] -- Up-to-date symlink: /home/parallels/ros2_ws/install/turtlebot3_bringup/share/turtlebot3_bringup/launch/turtlebot3_state_publisher.launch.py
[0.379s] -- Up-to-date symlink: /home/parallels/ros2_ws/install/turtlebot3_bringup/share/turtlebot3_bringup/param/burger.yaml
[0.379s] -- Up-to-date symlink: /home/parallels/ros2_ws/install/turtlebot3_bringup/share/turtlebot3_bringup/param/waffle.yaml
[0.379s] -- Up-to-date symlink: /home/parallels/ros2_ws/install/turtlebot3_bringup/share/turtlebot3_bringup/param/waffle_pi.yaml
[0.380s] -- Up-to-date symlink: /home/parallels/ros2_ws/install/turtlebot3_bringup/share/turtlebot3_bringup/script/99-turtlebot3-cdc.rules
[0.380s] -- Up-to-date symlink: /home/parallels/ros2_ws/install/turtlebot3_bringup/share/turtlebot3_bringup/script/create_udev_rules
[0.380s] -- Up-to-date symlink: /home/parallels/ros2_ws/install/turtlebot3_bringup/share/ament_index/resource_index/package_run_dependencies/turtlebot3_bringup
[0.381s] -- Up-to-date symlink: /home/parallels/ros2_ws/install/turtlebot3_bringup/share/ament_index/resource_index/parent_prefix_path/turtlebot3_bringup
[0.381s] -- Up-to-date symlink: /home/parallels/ros2_ws/install/turtlebot3_bringup/share/turtlebot3_bringup/environment/ament_prefix_path.sh
[0.381s] -- Up-to-date symlink: /home/parallels/ros2_ws/install/turtlebot3_bringup/share/turtlebot3_bringup/environment/ament_prefix_path.dsv
[0.381s] -- Up-to-date symlink: /home/parallels/ros2_ws/install/turtlebot3_bringup/share/turtlebot3_bringup/environment/path.sh
[0.381s] -- Up-to-date symlink: /home/parallels/ros2_ws/install/turtlebot3_bringup/share/turtlebot3_bringup/environment/path.dsv
[0.382s] -- Up-to-date symlink: /home/parallels/ros2_ws/install/turtlebot3_bringup/share/turtlebot3_bringup/local_setup.bash
[0.382s] -- Up-to-date symlink: /home/parallels/ros2_ws/install/turtlebot3_bringup/share/turtlebot3_bringup/local_setup.sh
[0.382s] -- Up-to-date symlink: /home/parallels/ros2_ws/install/turtlebot3_bringup/share/turtlebot3_bringup/local_setup.zsh
[0.382s] -- Up-to-date symlink: /home/parallels/ros2_ws/install/turtlebot3_bringup/share/turtlebot3_bringup/local_setup.dsv
[0.382s] -- Symlinking: /home/parallels/ros2_ws/install/turtlebot3_bringup/share/turtlebot3_bringup/package.dsv
[0.388s] -- Up-to-date symlink: /home/parallels/ros2_ws/install/turtlebot3_bringup/share/ament_index/resource_index/packages/turtlebot3_bringup
[0.388s] -- Up-to-date symlink: /home/parallels/ros2_ws/install/turtlebot3_bringup/share/turtlebot3_bringup/cmake/turtlebot3_bringupConfig.cmake
[0.389s] -- Up-to-date symlink: /home/parallels/ros2_ws/install/turtlebot3_bringup/share/turtlebot3_bringup/cmake/turtlebot3_bringupConfig-version.cmake
[0.389s] -- Up-to-date symlink: /home/parallels/ros2_ws/install/turtlebot3_bringup/share/turtlebot3_bringup/package.xml
[0.391s] Invoked command in '/home/parallels/ros2_ws/build/turtlebot3_bringup' returned '0': CMAKE_PREFIX_PATH=/home/parallels/ros2_ws/install/turtlebot3_node:/home/parallels/ros2_ws/install/turtlebot3_description:/home/parallels/ros2_ws/install/turtlebot3:/home/parallels/ros2_ws/install/turtlebot3_bringup:/home/parallels/ros2_ws/install/turtlebot3_navigation2:/home/parallels/ros2_ws/install/turtlebot3_cartographer:/home/parallels/ros2_ws/install/sllidar_ros2:/home/parallels/ros2_ws/install/turtlebot3_teleop:/home/parallels/ros2_ws/install/turtlebot3_example:/home/parallels/ros2_ws/install/my_robot_controller:/opt/ros/humble /usr/bin/cmake --install /home/parallels/ros2_ws/build/turtlebot3_bringup
