[0.645s] Invoking command in '/home/parallels/ros2_ws/build/my_robot_controller': PYTHONPATH=/home/parallels/ros2_ws/build/my_robot_controller/prefix_override:/usr/lib/python3/dist-packages/colcon_core/task/python/colcon_distutils_commands:/home/parallels/ros2_ws/install/my_robot_controller/lib/python3.10/site-packages:${PYTHONPATH} /usr/bin/python3 -W ignore:setup.py install is deprecated setup.py develop --editable --build-directory /home/parallels/ros2_ws/build/my_robot_controller/build --no-deps symlink_data
[0.899s] running develop
[1.024s] running egg_info
[1.024s] writing my_robot_controller.egg-info/PKG-INFO
[1.024s] writing dependency_links to my_robot_controller.egg-info/dependency_links.txt
[1.024s] writing entry points to my_robot_controller.egg-info/entry_points.txt
[1.024s] writing requirements to my_robot_controller.egg-info/requires.txt
[1.024s] writing top-level names to my_robot_controller.egg-info/top_level.txt
[1.026s] reading manifest file 'my_robot_controller.egg-info/SOURCES.txt'
[1.027s] writing manifest file 'my_robot_controller.egg-info/SOURCES.txt'
[1.028s] running build_ext
[1.028s] Creating /home/parallels/ros2_ws/install/my_robot_controller/lib/python3.10/site-packages/my-robot-controller.egg-link (link to .)
[1.029s] Installing cart_tester script to /home/parallels/ros2_ws/install/my_robot_controller/lib/my_robot_controller
[1.029s] Installing lidar_publisher script to /home/parallels/ros2_ws/install/my_robot_controller/lib/my_robot_controller
[1.029s] Installing subscriber script to /home/parallels/ros2_ws/install/my_robot_controller/lib/my_robot_controller
[1.029s] Installing test_node script to /home/parallels/ros2_ws/install/my_robot_controller/lib/my_robot_controller
[1.029s] 
[1.029s] Installed /home/parallels/ros2_ws/build/my_robot_controller
[1.029s] running symlink_data
[1.052s] Invoked command in '/home/parallels/ros2_ws/build/my_robot_controller' returned '0': PYTHONPATH=/home/parallels/ros2_ws/build/my_robot_controller/prefix_override:/usr/lib/python3/dist-packages/colcon_core/task/python/colcon_distutils_commands:/home/parallels/ros2_ws/install/my_robot_controller/lib/python3.10/site-packages:${PYTHONPATH} /usr/bin/python3 -W ignore:setup.py install is deprecated setup.py develop --editable --build-directory /home/parallels/ros2_ws/build/my_robot_controller/build --no-deps symlink_data
