[0.034s] Invoking command in '/home/parallels/ros2_ws/build/turtlebot3_node': CMAKE_PREFIX_PATH=${CMAKE_PREFIX_PATH}:/home/parallels/ros2_ws/install/turtlebot3_teleop:/home/parallels/ros2_ws/install/turtlebot3_example:/home/parallels/ros2_ws/install/my_robot_controller:/opt/ros/humble /usr/bin/cmake --build /home/parallels/ros2_ws/build/turtlebot3_node -- -j6 -l6
[0.283s] [35m[1mConsolidate compiler generated dependencies of target turtlebot3_node_lib[0m
[0.283s] [ 85%] Built target turtlebot3_node_lib
[0.283s] [35m[1mConsolidate compiler generated dependencies of target turtlebot3_ros[0m
[0.283s] [100%] Built target turtlebot3_ros
[0.512s] Invoked command in '/home/parallels/ros2_ws/build/turtlebot3_node' returned '0': CMAKE_PREFIX_PATH=${CMAKE_PREFIX_PATH}:/home/parallels/ros2_ws/install/turtlebot3_teleop:/home/parallels/ros2_ws/install/turtlebot3_example:/home/parallels/ros2_ws/install/my_robot_controller:/opt/ros/humble /usr/bin/cmake --build /home/parallels/ros2_ws/build/turtlebot3_node -- -j6 -l6
[0.575s] Invoking command in '/home/parallels/ros2_ws/build/turtlebot3_node': CMAKE_PREFIX_PATH=${CMAKE_PREFIX_PATH}:/home/parallels/ros2_ws/install/turtlebot3_teleop:/home/parallels/ros2_ws/install/turtlebot3_example:/home/parallels/ros2_ws/install/my_robot_controller:/opt/ros/humble /usr/bin/cmake --install /home/parallels/ros2_ws/build/turtlebot3_node
[0.583s] -- Install configuration: ""
[0.587s] -- Execute custom install script
[0.590s] -- Up-to-date symlink: /home/parallels/ros2_ws/install/turtlebot3_node/share/turtlebot3_node/param/burger.yaml
[0.591s] -- Up-to-date symlink: /home/parallels/ros2_ws/install/turtlebot3_node/share/turtlebot3_node/param/waffle.yaml
[0.592s] -- Up-to-date symlink: /home/parallels/ros2_ws/install/turtlebot3_node/share/turtlebot3_node/param/waffle_pi.yaml
[0.592s] -- Up-to-date symlink: /home/parallels/ros2_ws/install/turtlebot3_node/lib/turtlebot3_node/turtlebot3_ros
[0.592s] -- Up-to-date symlink: /home/parallels/ros2_ws/install/turtlebot3_node/share/ament_index/resource_index/package_run_dependencies/turtlebot3_node
[0.593s] -- Up-to-date symlink: /home/parallels/ros2_ws/install/turtlebot3_node/share/ament_index/resource_index/parent_prefix_path/turtlebot3_node
[0.593s] -- Up-to-date symlink: /home/parallels/ros2_ws/install/turtlebot3_node/share/turtlebot3_node/environment/ament_prefix_path.sh
[0.593s] -- Up-to-date symlink: /home/parallels/ros2_ws/install/turtlebot3_node/share/turtlebot3_node/environment/ament_prefix_path.dsv
[0.593s] -- Up-to-date symlink: /home/parallels/ros2_ws/install/turtlebot3_node/share/turtlebot3_node/environment/path.sh
[0.596s] -- Up-to-date symlink: /home/parallels/ros2_ws/install/turtlebot3_node/share/turtlebot3_node/environment/path.dsv
[0.597s] -- Up-to-date symlink: /home/parallels/ros2_ws/install/turtlebot3_node/share/turtlebot3_node/local_setup.bash
[0.597s] -- Up-to-date symlink: /home/parallels/ros2_ws/install/turtlebot3_node/share/turtlebot3_node/local_setup.sh
[0.601s] -- Up-to-date symlink: /home/parallels/ros2_ws/install/turtlebot3_node/share/turtlebot3_node/local_setup.zsh
[0.602s] -- Up-to-date symlink: /home/parallels/ros2_ws/install/turtlebot3_node/share/turtlebot3_node/local_setup.dsv
[0.602s] -- Symlinking: /home/parallels/ros2_ws/install/turtlebot3_node/share/turtlebot3_node/package.dsv
[0.610s] -- Up-to-date symlink: /home/parallels/ros2_ws/install/turtlebot3_node/share/ament_index/resource_index/packages/turtlebot3_node
[0.611s] -- Up-to-date symlink: /home/parallels/ros2_ws/install/turtlebot3_node/share/turtlebot3_node/cmake/ament_cmake_export_include_directories-extras.cmake
[0.613s] -- Up-to-date symlink: /home/parallels/ros2_ws/install/turtlebot3_node/share/turtlebot3_node/cmake/turtlebot3_nodeConfig.cmake
[0.613s] -- Up-to-date symlink: /home/parallels/ros2_ws/install/turtlebot3_node/share/turtlebot3_node/cmake/turtlebot3_nodeConfig-version.cmake
[0.613s] -- Up-to-date symlink: /home/parallels/ros2_ws/install/turtlebot3_node/share/turtlebot3_node/package.xml
[0.641s] Invoked command in '/home/parallels/ros2_ws/build/turtlebot3_node' returned '0': CMAKE_PREFIX_PATH=${CMAKE_PREFIX_PATH}:/home/parallels/ros2_ws/install/turtlebot3_teleop:/home/parallels/ros2_ws/install/turtlebot3_example:/home/parallels/ros2_ws/install/my_robot_controller:/opt/ros/humble /usr/bin/cmake --install /home/parallels/ros2_ws/build/turtlebot3_node
