[0.020s] Invoking command in '/home/parallels/ros2_ws/build/turtlebot3': AMENT_PREFIX_PATH=/home/parallels/ros2_ws/install/turtlebot3_teleop:/home/parallels/ros2_ws/install/turtlebot3_example:/home/parallels/ros2_ws/install/turtlebot3:/home/parallels/ros2_ws/install/turtlebot3_bringup:/home/parallels/ros2_ws/install/turtlebot3_node:/home/parallels/ros2_ws/install/turtlebot3_navigation2:/home/parallels/ros2_ws/install/turtlebot3_description:/home/parallels/ros2_ws/install/turtlebot3_cartographer:/home/parallels/ros2_ws/install/sllidar_ros2:/home/parallels/ros2_ws/install/my_robot_controller:/opt/ros/humble CMAKE_PREFIX_PATH=/home/parallels/ros2_ws/install/turtlebot3_bringup:/home/parallels/ros2_ws/install/turtlebot3_node:/home/parallels/ros2_ws/install/turtlebot3_navigation2:/home/parallels/ros2_ws/install/turtlebot3_description:/home/parallels/ros2_ws/install/turtlebot3_cartographer:/home/parallels/ros2_ws/install/turtlebot3:/home/parallels/ros2_ws/install/sllidar_ros2:/home/parallels/ros2_ws/install/turtlebot3_teleop:/home/parallels/ros2_ws/install/turtlebot3_example:/home/parallels/ros2_ws/install/my_robot_controller:/opt/ros/humble /usr/bin/cmake --build /home/parallels/ros2_ws/build/turtlebot3 -- -j6 -l6
[0.037s] -- Found ament_cmake: 1.3.10 (/opt/ros/humble/share/ament_cmake/cmake)
[0.141s] -- Override CMake install command with custom implementation using symlinks instead of copying resources
[0.201s] -- Configuring done
[0.204s] -- Generating done
[0.204s] -- Build files have been written to: /home/parallels/ros2_ws/build/turtlebot3
[0.218s] Invoked command in '/home/parallels/ros2_ws/build/turtlebot3' returned '0': AMENT_PREFIX_PATH=/home/parallels/ros2_ws/install/turtlebot3_teleop:/home/parallels/ros2_ws/install/turtlebot3_example:/home/parallels/ros2_ws/install/turtlebot3:/home/parallels/ros2_ws/install/turtlebot3_bringup:/home/parallels/ros2_ws/install/turtlebot3_node:/home/parallels/ros2_ws/install/turtlebot3_navigation2:/home/parallels/ros2_ws/install/turtlebot3_description:/home/parallels/ros2_ws/install/turtlebot3_cartographer:/home/parallels/ros2_ws/install/sllidar_ros2:/home/parallels/ros2_ws/install/my_robot_controller:/opt/ros/humble CMAKE_PREFIX_PATH=/home/parallels/ros2_ws/install/turtlebot3_bringup:/home/parallels/ros2_ws/install/turtlebot3_node:/home/parallels/ros2_ws/install/turtlebot3_navigation2:/home/parallels/ros2_ws/install/turtlebot3_description:/home/parallels/ros2_ws/install/turtlebot3_cartographer:/home/parallels/ros2_ws/install/turtlebot3:/home/parallels/ros2_ws/install/sllidar_ros2:/home/parallels/ros2_ws/install/turtlebot3_teleop:/home/parallels/ros2_ws/install/turtlebot3_example:/home/parallels/ros2_ws/install/my_robot_controller:/opt/ros/humble /usr/bin/cmake --build /home/parallels/ros2_ws/build/turtlebot3 -- -j6 -l6
[0.234s] Invoking command in '/home/parallels/ros2_ws/build/turtlebot3': AMENT_PREFIX_PATH=/home/parallels/ros2_ws/install/turtlebot3_teleop:/home/parallels/ros2_ws/install/turtlebot3_example:/home/parallels/ros2_ws/install/turtlebot3:/home/parallels/ros2_ws/install/turtlebot3_bringup:/home/parallels/ros2_ws/install/turtlebot3_node:/home/parallels/ros2_ws/install/turtlebot3_navigation2:/home/parallels/ros2_ws/install/turtlebot3_description:/home/parallels/ros2_ws/install/turtlebot3_cartographer:/home/parallels/ros2_ws/install/sllidar_ros2:/home/parallels/ros2_ws/install/my_robot_controller:/opt/ros/humble CMAKE_PREFIX_PATH=/home/parallels/ros2_ws/install/turtlebot3_bringup:/home/parallels/ros2_ws/install/turtlebot3_node:/home/parallels/ros2_ws/install/turtlebot3_navigation2:/home/parallels/ros2_ws/install/turtlebot3_description:/home/parallels/ros2_ws/install/turtlebot3_cartographer:/home/parallels/ros2_ws/install/turtlebot3:/home/parallels/ros2_ws/install/sllidar_ros2:/home/parallels/ros2_ws/install/turtlebot3_teleop:/home/parallels/ros2_ws/install/turtlebot3_example:/home/parallels/ros2_ws/install/my_robot_controller:/opt/ros/humble /usr/bin/cmake --install /home/parallels/ros2_ws/build/turtlebot3
[0.238s] -- Install configuration: ""
[0.238s] -- Execute custom install script
[0.239s] -- Up-to-date symlink: /home/parallels/ros2_ws/install/turtlebot3/share/ament_index/resource_index/package_run_dependencies/turtlebot3
[0.239s] -- Up-to-date symlink: /home/parallels/ros2_ws/install/turtlebot3/share/ament_index/resource_index/parent_prefix_path/turtlebot3
[0.239s] -- Up-to-date symlink: /home/parallels/ros2_ws/install/turtlebot3/share/turtlebot3/environment/ament_prefix_path.sh
[0.239s] -- Up-to-date symlink: /home/parallels/ros2_ws/install/turtlebot3/share/turtlebot3/environment/ament_prefix_path.dsv
[0.239s] -- Up-to-date symlink: /home/parallels/ros2_ws/install/turtlebot3/share/turtlebot3/environment/path.sh
[0.240s] -- Up-to-date symlink: /home/parallels/ros2_ws/install/turtlebot3/share/turtlebot3/environment/path.dsv
[0.240s] -- Up-to-date symlink: /home/parallels/ros2_ws/install/turtlebot3/share/turtlebot3/local_setup.bash
[0.240s] -- Up-to-date symlink: /home/parallels/ros2_ws/install/turtlebot3/share/turtlebot3/local_setup.sh
[0.240s] -- Up-to-date symlink: /home/parallels/ros2_ws/install/turtlebot3/share/turtlebot3/local_setup.zsh
[0.240s] -- Up-to-date symlink: /home/parallels/ros2_ws/install/turtlebot3/share/turtlebot3/local_setup.dsv
[0.240s] -- Symlinking: /home/parallels/ros2_ws/install/turtlebot3/share/turtlebot3/package.dsv
[0.246s] -- Up-to-date symlink: /home/parallels/ros2_ws/install/turtlebot3/share/ament_index/resource_index/packages/turtlebot3
[0.246s] -- Up-to-date symlink: /home/parallels/ros2_ws/install/turtlebot3/share/turtlebot3/cmake/turtlebot3Config.cmake
[0.246s] -- Up-to-date symlink: /home/parallels/ros2_ws/install/turtlebot3/share/turtlebot3/cmake/turtlebot3Config-version.cmake
[0.246s] -- Up-to-date symlink: /home/parallels/ros2_ws/install/turtlebot3/share/turtlebot3/package.xml
[0.248s] Invoked command in '/home/parallels/ros2_ws/build/turtlebot3' returned '0': AMENT_PREFIX_PATH=/home/parallels/ros2_ws/install/turtlebot3_teleop:/home/parallels/ros2_ws/install/turtlebot3_example:/home/parallels/ros2_ws/install/turtlebot3:/home/parallels/ros2_ws/install/turtlebot3_bringup:/home/parallels/ros2_ws/install/turtlebot3_node:/home/parallels/ros2_ws/install/turtlebot3_navigation2:/home/parallels/ros2_ws/install/turtlebot3_description:/home/parallels/ros2_ws/install/turtlebot3_cartographer:/home/parallels/ros2_ws/install/sllidar_ros2:/home/parallels/ros2_ws/install/my_robot_controller:/opt/ros/humble CMAKE_PREFIX_PATH=/home/parallels/ros2_ws/install/turtlebot3_bringup:/home/parallels/ros2_ws/install/turtlebot3_node:/home/parallels/ros2_ws/install/turtlebot3_navigation2:/home/parallels/ros2_ws/install/turtlebot3_description:/home/parallels/ros2_ws/install/turtlebot3_cartographer:/home/parallels/ros2_ws/install/turtlebot3:/home/parallels/ros2_ws/install/sllidar_ros2:/home/parallels/ros2_ws/install/turtlebot3_teleop:/home/parallels/ros2_ws/install/turtlebot3_example:/home/parallels/ros2_ws/install/my_robot_controller:/opt/ros/humble /usr/bin/cmake --install /home/parallels/ros2_ws/build/turtlebot3
