[0.022s] Invoking command in '/home/parallels/ros2_ws/build/turtlebot3_node': CMAKE_PREFIX_PATH=${CMAKE_PREFIX_PATH}:/home/parallels/ros2_ws/install/my_robot_controller:/opt/ros/humble /usr/bin/cmake /home/parallels/ros2_ws/src/turtlebot3/turtlebot3_node -DAMENT_CMAKE_SYMLINK_INSTALL=1 -DCMAKE_INSTALL_PREFIX=/home/parallels/ros2_ws/install/turtlebot3_node
[0.201s] -- The C compiler identification is GNU 11.4.0
[0.201s] -- The CXX compiler identification is GNU 11.4.0
[0.201s] -- Detecting C compiler ABI info
[0.248s] -- Detecting C compiler ABI info - done
[0.257s] -- Check for working C compiler: /usr/bin/cc - skipped
[0.258s] -- Detecting C compile features
[0.259s] -- Detecting C compile features - done
[0.263s] -- Detecting CXX compiler ABI info
[0.348s] -- Detecting CXX compiler ABI info - done
[0.362s] -- Check for working CXX compiler: /usr/bin/c++ - skipped
[0.365s] -- Detecting CXX compile features
[0.365s] -- Detecting CXX compile features - done
[0.373s] -- Found ament_cmake: 1.3.10 (/opt/ros/humble/share/ament_cmake/cmake)
[0.623s] -- Found Python3: /usr/bin/python3 (found version "3.10.12") found components: Interpreter 
[0.712s] -- Override CMake install command with custom implementation using symlinks instead of copying resources
[0.747s] -- Found dynamixel_sdk: 3.7.60 (/opt/ros/humble/share/dynamixel_sdk/cmake)
[0.758s] -- Found geometry_msgs: 4.2.4 (/opt/ros/humble/share/geometry_msgs/cmake)
[0.835s] -- Found rosidl_generator_c: 3.1.5 (/opt/ros/humble/share/rosidl_generator_c/cmake)
[0.856s] -- Found rosidl_adapter: 3.1.5 (/opt/ros/humble/share/rosidl_adapter/cmake)
[0.874s] -- Found rosidl_generator_cpp: 3.1.5 (/opt/ros/humble/share/rosidl_generator_cpp/cmake)
[0.889s] -- Using all available rosidl_typesupport_c: rosidl_typesupport_fastrtps_c;rosidl_typesupport_introspection_c
[0.917s] -- Using all available rosidl_typesupport_cpp: rosidl_typesupport_fastrtps_cpp;rosidl_typesupport_introspection_cpp
[1.017s] -- Found message_filters: 4.3.5 (/opt/ros/humble/share/message_filters/cmake)
[1.122s] -- Found rmw_implementation_cmake: 6.1.2 (/opt/ros/humble/share/rmw_implementation_cmake/cmake)
[1.129s] -- Found rmw_cyclonedds_cpp: 1.3.4 (/opt/ros/humble/share/rmw_cyclonedds_cpp/cmake)
[1.183s] -- Using RMW implementation 'rmw_cyclonedds_cpp' as default
[1.210s] -- Looking for pthread.h
[1.317s] -- Looking for pthread.h - found
[1.318s] -- Performing Test CMAKE_HAVE_LIBC_PTHREAD
[1.380s] -- Performing Test CMAKE_HAVE_LIBC_PTHREAD - Success
[1.380s] -- Found Threads: TRUE  
[1.440s] -- Found nav_msgs: 4.2.4 (/opt/ros/humble/share/nav_msgs/cmake)
[1.463s] -- Found sensor_msgs: 4.2.4 (/opt/ros/humble/share/sensor_msgs/cmake)
[1.499s] -- Found std_srvs: 4.2.4 (/opt/ros/humble/share/std_srvs/cmake)
[1.528s] -- Found tf2: 0.25.8 (/opt/ros/humble/share/tf2/cmake)
[1.545s] -- Found tf2_ros: 0.25.8 (/opt/ros/humble/share/tf2_ros/cmake)
[1.695s] -- Found turtlebot3_msgs: 2.2.3 (/opt/ros/humble/share/turtlebot3_msgs/cmake)
[1.830s] -- Configuring done
[1.848s] -- Generating done
[1.850s] -- Build files have been written to: /home/parallels/ros2_ws/build/turtlebot3_node
[1.857s] Invoked command in '/home/parallels/ros2_ws/build/turtlebot3_node' returned '0': CMAKE_PREFIX_PATH=${CMAKE_PREFIX_PATH}:/home/parallels/ros2_ws/install/my_robot_controller:/opt/ros/humble /usr/bin/cmake /home/parallels/ros2_ws/src/turtlebot3/turtlebot3_node -DAMENT_CMAKE_SYMLINK_INSTALL=1 -DCMAKE_INSTALL_PREFIX=/home/parallels/ros2_ws/install/turtlebot3_node
[1.858s] Invoking command in '/home/parallels/ros2_ws/build/turtlebot3_node': CMAKE_PREFIX_PATH=${CMAKE_PREFIX_PATH}:/home/parallels/ros2_ws/install/my_robot_controller:/opt/ros/humble /usr/bin/cmake --build /home/parallels/ros2_ws/build/turtlebot3_node -- -j6 -l6
[1.927s] [  7%] [32mBuilding CXX object CMakeFiles/turtlebot3_node_lib.dir/src/devices/motor_power.cpp.o[0m
[1.928s] [ 14%] [32mBuilding CXX object CMakeFiles/turtlebot3_node_lib.dir/src/devices/reset.cpp.o[0m
[1.934s] [ 21%] [32mBuilding CXX object CMakeFiles/turtlebot3_node_lib.dir/src/devices/sound.cpp.o[0m
[1.935s] [ 28%] [32mBuilding CXX object CMakeFiles/turtlebot3_node_lib.dir/src/diff_drive_controller.cpp.o[0m
[1.940s] [ 35%] [32mBuilding CXX object CMakeFiles/turtlebot3_node_lib.dir/src/dynamixel_sdk_wrapper.cpp.o[0m
[1.968s] [ 42%] [32mBuilding CXX object CMakeFiles/turtlebot3_node_lib.dir/src/odometry.cpp.o[0m
[2.785s] [ 50%] [32mBuilding CXX object CMakeFiles/turtlebot3_node_lib.dir/src/turtlebot3.cpp.o[0m
[11.277s] [ 57%] [32mBuilding CXX object CMakeFiles/turtlebot3_node_lib.dir/src/sensors/battery_state.cpp.o[0m
[11.639s] [ 64%] [32mBuilding CXX object CMakeFiles/turtlebot3_node_lib.dir/src/sensors/imu.cpp.o[0m
[11.724s] [ 71%] [32mBuilding CXX object CMakeFiles/turtlebot3_node_lib.dir/src/sensors/joint_state.cpp.o[0m
[11.747s] [ 78%] [32mBuilding CXX object CMakeFiles/turtlebot3_node_lib.dir/src/sensors/sensor_state.cpp.o[0m
