[0.155s] Invoking command in '/home/parallels/ros2_ws/build/sllidar_ros2': CMAKE_PREFIX_PATH=${CMAKE_PREFIX_PATH}:/home/parallels/ros2_ws/install/my_robot_controller:/opt/ros/humble /usr/bin/cmake --build /home/parallels/ros2_ws/build/sllidar_ros2 -- -j6 -l6
[0.276s] [ 10%] Built target sllidar_client
[0.279s] [100%] Built target sllidar_node
[0.306s] Invoked command in '/home/parallels/ros2_ws/build/sllidar_ros2' returned '0': CMAKE_PREFIX_PATH=${CMAKE_PREFIX_PATH}:/home/parallels/ros2_ws/install/my_robot_controller:/opt/ros/humble /usr/bin/cmake --build /home/parallels/ros2_ws/build/sllidar_ros2 -- -j6 -l6
[0.346s] Invoking command in '/home/parallels/ros2_ws/build/sllidar_ros2': CMAKE_PREFIX_PATH=${CMAKE_PREFIX_PATH}:/home/parallels/ros2_ws/install/my_robot_controller:/opt/ros/humble /usr/bin/cmake --install /home/parallels/ros2_ws/build/sllidar_ros2
[0.350s] -- Install configuration: ""
[0.351s] -- Execute custom install script
[0.352s] -- Up-to-date symlink: /home/parallels/ros2_ws/install/sllidar_ros2/share/sllidar_ros2/launch/sllidar_a1_launch.py
[0.352s] -- Up-to-date symlink: /home/parallels/ros2_ws/install/sllidar_ros2/share/sllidar_ros2/launch/sllidar_a2m12_launch .py
[0.352s] -- Up-to-date symlink: /home/parallels/ros2_ws/install/sllidar_ros2/share/sllidar_ros2/launch/sllidar_a2m7_launch.py
[0.353s] -- Up-to-date symlink: /home/parallels/ros2_ws/install/sllidar_ros2/share/sllidar_ros2/launch/sllidar_a2m8_launch.py
[0.353s] -- Up-to-date symlink: /home/parallels/ros2_ws/install/sllidar_ros2/share/sllidar_ros2/launch/sllidar_a3_launch.py
[0.353s] -- Up-to-date symlink: /home/parallels/ros2_ws/install/sllidar_ros2/share/sllidar_ros2/launch/sllidar_c1_launch.py
[0.354s] -- Up-to-date symlink: /home/parallels/ros2_ws/install/sllidar_ros2/share/sllidar_ros2/launch/sllidar_s1_launch.py
[0.354s] -- Up-to-date symlink: /home/parallels/ros2_ws/install/sllidar_ros2/share/sllidar_ros2/launch/sllidar_s1_tcp_launch.py
[0.354s] -- Up-to-date symlink: /home/parallels/ros2_ws/install/sllidar_ros2/share/sllidar_ros2/launch/sllidar_s2_launch.py
[0.354s] -- Up-to-date symlink: /home/parallels/ros2_ws/install/sllidar_ros2/share/sllidar_ros2/launch/sllidar_s2e_launch.py
[0.354s] -- Up-to-date symlink: /home/parallels/ros2_ws/install/sllidar_ros2/share/sllidar_ros2/launch/sllidar_s3_launch.py
[0.355s] -- Up-to-date symlink: /home/parallels/ros2_ws/install/sllidar_ros2/share/sllidar_ros2/launch/sllidar_t1_launch.py
[0.355s] -- Up-to-date symlink: /home/parallels/ros2_ws/install/sllidar_ros2/share/sllidar_ros2/launch/view_sllidar_a1_launch.py
[0.355s] -- Up-to-date symlink: /home/parallels/ros2_ws/install/sllidar_ros2/share/sllidar_ros2/launch/view_sllidar_a2m12_launch.py
[0.355s] -- Up-to-date symlink: /home/parallels/ros2_ws/install/sllidar_ros2/share/sllidar_ros2/launch/view_sllidar_a2m7_launch.py
[0.355s] -- Up-to-date symlink: /home/parallels/ros2_ws/install/sllidar_ros2/share/sllidar_ros2/launch/view_sllidar_a2m8_launch.py
[0.355s] -- Up-to-date symlink: /home/parallels/ros2_ws/install/sllidar_ros2/share/sllidar_ros2/launch/view_sllidar_a3_launch.py
[0.355s] -- Up-to-date symlink: /home/parallels/ros2_ws/install/sllidar_ros2/share/sllidar_ros2/launch/view_sllidar_c1_launch.py
[0.356s] -- Up-to-date symlink: /home/parallels/ros2_ws/install/sllidar_ros2/share/sllidar_ros2/launch/view_sllidar_s1_launch.py
[0.356s] -- Up-to-date symlink: /home/parallels/ros2_ws/install/sllidar_ros2/share/sllidar_ros2/launch/view_sllidar_s1_tcp_launch.py
[0.356s] -- Up-to-date symlink: /home/parallels/ros2_ws/install/sllidar_ros2/share/sllidar_ros2/launch/view_sllidar_s2_launch.py
[0.356s] -- Up-to-date symlink: /home/parallels/ros2_ws/install/sllidar_ros2/share/sllidar_ros2/launch/view_sllidar_s2e_launch.py
[0.356s] -- Up-to-date symlink: /home/parallels/ros2_ws/install/sllidar_ros2/share/sllidar_ros2/launch/view_sllidar_s3_launch.py
[0.356s] -- Up-to-date symlink: /home/parallels/ros2_ws/install/sllidar_ros2/share/sllidar_ros2/launch/view_sllidar_t1_launch.py
[0.357s] -- Up-to-date symlink: /home/parallels/ros2_ws/install/sllidar_ros2/share/sllidar_ros2/rviz/sllidar_ros2.rviz
[0.358s] -- Up-to-date symlink: /home/parallels/ros2_ws/install/sllidar_ros2/lib/sllidar_ros2/sllidar_node
[0.358s] -- Up-to-date symlink: /home/parallels/ros2_ws/install/sllidar_ros2/lib/sllidar_ros2/sllidar_client
[0.358s] -- Up-to-date symlink: /home/parallels/ros2_ws/install/sllidar_ros2/share/ament_index/resource_index/package_run_dependencies/sllidar_ros2
[0.359s] -- Up-to-date symlink: /home/parallels/ros2_ws/install/sllidar_ros2/share/ament_index/resource_index/parent_prefix_path/sllidar_ros2
[0.359s] -- Up-to-date symlink: /home/parallels/ros2_ws/install/sllidar_ros2/share/sllidar_ros2/environment/ament_prefix_path.sh
[0.359s] -- Up-to-date symlink: /home/parallels/ros2_ws/install/sllidar_ros2/share/sllidar_ros2/environment/ament_prefix_path.dsv
[0.360s] -- Up-to-date symlink: /home/parallels/ros2_ws/install/sllidar_ros2/share/sllidar_ros2/environment/path.sh
[0.360s] -- Up-to-date symlink: /home/parallels/ros2_ws/install/sllidar_ros2/share/sllidar_ros2/environment/path.dsv
[0.360s] -- Up-to-date symlink: /home/parallels/ros2_ws/install/sllidar_ros2/share/sllidar_ros2/local_setup.bash
[0.360s] -- Up-to-date symlink: /home/parallels/ros2_ws/install/sllidar_ros2/share/sllidar_ros2/local_setup.sh
[0.360s] -- Up-to-date symlink: /home/parallels/ros2_ws/install/sllidar_ros2/share/sllidar_ros2/local_setup.zsh
[0.360s] -- Up-to-date symlink: /home/parallels/ros2_ws/install/sllidar_ros2/share/sllidar_ros2/local_setup.dsv
[0.361s] -- Symlinking: /home/parallels/ros2_ws/install/sllidar_ros2/share/sllidar_ros2/package.dsv
[0.366s] -- Up-to-date symlink: /home/parallels/ros2_ws/install/sllidar_ros2/share/ament_index/resource_index/packages/sllidar_ros2
[0.366s] -- Up-to-date symlink: /home/parallels/ros2_ws/install/sllidar_ros2/share/sllidar_ros2/cmake/ament_cmake_export_dependencies-extras.cmake
[0.366s] -- Up-to-date symlink: /home/parallels/ros2_ws/install/sllidar_ros2/share/sllidar_ros2/cmake/ament_cmake_export_include_directories-extras.cmake
[0.366s] -- Up-to-date symlink: /home/parallels/ros2_ws/install/sllidar_ros2/share/sllidar_ros2/cmake/sllidar_ros2Config.cmake
[0.367s] -- Up-to-date symlink: /home/parallels/ros2_ws/install/sllidar_ros2/share/sllidar_ros2/cmake/sllidar_ros2Config-version.cmake
[0.367s] -- Up-to-date symlink: /home/parallels/ros2_ws/install/sllidar_ros2/share/sllidar_ros2/package.xml
[0.368s] Invoked command in '/home/parallels/ros2_ws/build/sllidar_ros2' returned '0': CMAKE_PREFIX_PATH=${CMAKE_PREFIX_PATH}:/home/parallels/ros2_ws/install/my_robot_controller:/opt/ros/humble /usr/bin/cmake --install /home/parallels/ros2_ws/build/sllidar_ros2
