[0.032s] Invoking command in '/home/parallels/ros2_ws/build/turtlebot3_node': CMAKE_PREFIX_PATH=${CMAKE_PREFIX_PATH}:/home/parallels/ros2_ws/install/turtlebot3_teleop:/home/parallels/ros2_ws/install/turtlebot3_example:/home/parallels/ros2_ws/install/my_robot_controller:/opt/ros/humble /usr/bin/cmake --build /home/parallels/ros2_ws/build/turtlebot3_node -- -j6 -l6
[0.293s] [ 85%] Built target turtlebot3_node_lib
[0.293s] [100%] Built target turtlebot3_ros
[0.520s] Invoked command in '/home/parallels/ros2_ws/build/turtlebot3_node' returned '0': CMAKE_PREFIX_PATH=${CMAKE_PREFIX_PATH}:/home/parallels/ros2_ws/install/turtlebot3_teleop:/home/parallels/ros2_ws/install/turtlebot3_example:/home/parallels/ros2_ws/install/my_robot_controller:/opt/ros/humble /usr/bin/cmake --build /home/parallels/ros2_ws/build/turtlebot3_node -- -j6 -l6
[0.609s] Invoking command in '/home/parallels/ros2_ws/build/turtlebot3_node': CMAKE_PREFIX_PATH=${CMAKE_PREFIX_PATH}:/home/parallels/ros2_ws/install/turtlebot3_teleop:/home/parallels/ros2_ws/install/turtlebot3_example:/home/parallels/ros2_ws/install/my_robot_controller:/opt/ros/humble /usr/bin/cmake --install /home/parallels/ros2_ws/build/turtlebot3_node
[0.616s] -- Install configuration: ""
[0.616s] -- Execute custom install script
[0.616s] -- Up-to-date symlink: /home/parallels/ros2_ws/install/turtlebot3_node/share/turtlebot3_node/param/burger.yaml
[0.616s] -- Up-to-date symlink: /home/parallels/ros2_ws/install/turtlebot3_node/share/turtlebot3_node/param/waffle.yaml
[0.616s] -- Up-to-date symlink: /home/parallels/ros2_ws/install/turtlebot3_node/share/turtlebot3_node/param/waffle_pi.yaml
[0.617s] -- Up-to-date symlink: /home/parallels/ros2_ws/install/turtlebot3_node/lib/turtlebot3_node/turtlebot3_ros
[0.617s] -- Up-to-date symlink: /home/parallels/ros2_ws/install/turtlebot3_node/share/ament_index/resource_index/package_run_dependencies/turtlebot3_node
[0.617s] -- Up-to-date symlink: /home/parallels/ros2_ws/install/turtlebot3_node/share/ament_index/resource_index/parent_prefix_path/turtlebot3_node
[0.617s] -- Up-to-date symlink: /home/parallels/ros2_ws/install/turtlebot3_node/share/turtlebot3_node/environment/ament_prefix_path.sh
[0.617s] -- Up-to-date symlink: /home/parallels/ros2_ws/install/turtlebot3_node/share/turtlebot3_node/environment/ament_prefix_path.dsv
[0.618s] -- Up-to-date symlink: /home/parallels/ros2_ws/install/turtlebot3_node/share/turtlebot3_node/environment/path.sh
[0.618s] -- Up-to-date symlink: /home/parallels/ros2_ws/install/turtlebot3_node/share/turtlebot3_node/environment/path.dsv
[0.618s] -- Up-to-date symlink: /home/parallels/ros2_ws/install/turtlebot3_node/share/turtlebot3_node/local_setup.bash
[0.618s] -- Up-to-date symlink: /home/parallels/ros2_ws/install/turtlebot3_node/share/turtlebot3_node/local_setup.sh
[0.618s] -- Up-to-date symlink: /home/parallels/ros2_ws/install/turtlebot3_node/share/turtlebot3_node/local_setup.zsh
[0.618s] -- Up-to-date symlink: /home/parallels/ros2_ws/install/turtlebot3_node/share/turtlebot3_node/local_setup.dsv
[0.618s] -- Symlinking: /home/parallels/ros2_ws/install/turtlebot3_node/share/turtlebot3_node/package.dsv
[0.627s] -- Up-to-date symlink: /home/parallels/ros2_ws/install/turtlebot3_node/share/ament_index/resource_index/packages/turtlebot3_node
[0.627s] -- Up-to-date symlink: /home/parallels/ros2_ws/install/turtlebot3_node/share/turtlebot3_node/cmake/ament_cmake_export_include_directories-extras.cmake
[0.629s] -- Up-to-date symlink: /home/parallels/ros2_ws/install/turtlebot3_node/share/turtlebot3_node/cmake/turtlebot3_nodeConfig.cmake
[0.630s] -- Up-to-date symlink: /home/parallels/ros2_ws/install/turtlebot3_node/share/turtlebot3_node/cmake/turtlebot3_nodeConfig-version.cmake
[0.630s] -- Up-to-date symlink: /home/parallels/ros2_ws/install/turtlebot3_node/share/turtlebot3_node/package.xml
[0.652s] Invoked command in '/home/parallels/ros2_ws/build/turtlebot3_node' returned '0': CMAKE_PREFIX_PATH=${CMAKE_PREFIX_PATH}:/home/parallels/ros2_ws/install/turtlebot3_teleop:/home/parallels/ros2_ws/install/turtlebot3_example:/home/parallels/ros2_ws/install/my_robot_controller:/opt/ros/humble /usr/bin/cmake --install /home/parallels/ros2_ws/build/turtlebot3_node
