[0.009s] Invoking command in '/home/parallels/ros2_ws/build/turtlebot3_bringup': AMENT_PREFIX_PATH=/home/parallels/ros2_ws/install/turtlebot3_node:${AMENT_PREFIX_PATH} CMAKE_PREFIX_PATH=/home/parallels/ros2_ws/install/turtlebot3_node:/home/parallels/ros2_ws/install/turtlebot3_description:/home/parallels/ros2_ws/install/turtlebot3_navigation2:/home/parallels/ros2_ws/install/turtlebot3_cartographer:/home/parallels/ros2_ws/install/sllidar_ros2:/home/parallels/ros2_ws/install/turtlebot3_teleop:/home/parallels/ros2_ws/install/turtlebot3_example:/home/parallels/ros2_ws/install/my_robot_controller:/opt/ros/humble /usr/bin/cmake /home/parallels/ros2_ws/src/turtlebot3/turtlebot3_bringup -DAMENT_CMAKE_SYMLINK_INSTALL=1 -DCMAKE_INSTALL_PREFIX=/home/parallels/ros2_ws/install/turtlebot3_bringup
[0.063s] -- The C compiler identification is GNU 11.4.0
[0.095s] -- The CXX compiler identification is GNU 11.4.0
[0.102s] -- Detecting C compiler ABI info
[0.138s] -- Detecting C compiler ABI info - done
[0.142s] -- Check for working C compiler: /usr/bin/cc - skipped
[0.142s] -- Detecting C compile features
[0.143s] -- Detecting C compile features - done
[0.145s] -- Detecting CXX compiler ABI info
[0.183s] -- Detecting CXX compiler ABI info - done
[0.186s] -- Check for working CXX compiler: /usr/bin/c++ - skipped
[0.187s] -- Detecting CXX compile features
[0.187s] -- Detecting CXX compile features - done
[0.195s] -- Found ament_cmake: 1.3.10 (/opt/ros/humble/share/ament_cmake/cmake)
[0.284s] -- Found Python3: /usr/bin/python3 (found version "3.10.12") found components: Interpreter 
[0.320s] -- Override CMake install command with custom implementation using symlinks instead of copying resources
[0.386s] -- Configuring done
[0.387s] -- Generating done
[0.388s] -- Build files have been written to: /home/parallels/ros2_ws/build/turtlebot3_bringup
[0.390s] Invoked command in '/home/parallels/ros2_ws/build/turtlebot3_bringup' returned '0': AMENT_PREFIX_PATH=/home/parallels/ros2_ws/install/turtlebot3_node:${AMENT_PREFIX_PATH} CMAKE_PREFIX_PATH=/home/parallels/ros2_ws/install/turtlebot3_node:/home/parallels/ros2_ws/install/turtlebot3_description:/home/parallels/ros2_ws/install/turtlebot3_navigation2:/home/parallels/ros2_ws/install/turtlebot3_cartographer:/home/parallels/ros2_ws/install/sllidar_ros2:/home/parallels/ros2_ws/install/turtlebot3_teleop:/home/parallels/ros2_ws/install/turtlebot3_example:/home/parallels/ros2_ws/install/my_robot_controller:/opt/ros/humble /usr/bin/cmake /home/parallels/ros2_ws/src/turtlebot3/turtlebot3_bringup -DAMENT_CMAKE_SYMLINK_INSTALL=1 -DCMAKE_INSTALL_PREFIX=/home/parallels/ros2_ws/install/turtlebot3_bringup
[0.392s] Invoking command in '/home/parallels/ros2_ws/build/turtlebot3_bringup': AMENT_PREFIX_PATH=/home/parallels/ros2_ws/install/turtlebot3_node:${AMENT_PREFIX_PATH} CMAKE_PREFIX_PATH=/home/parallels/ros2_ws/install/turtlebot3_node:/home/parallels/ros2_ws/install/turtlebot3_description:/home/parallels/ros2_ws/install/turtlebot3_navigation2:/home/parallels/ros2_ws/install/turtlebot3_cartographer:/home/parallels/ros2_ws/install/sllidar_ros2:/home/parallels/ros2_ws/install/turtlebot3_teleop:/home/parallels/ros2_ws/install/turtlebot3_example:/home/parallels/ros2_ws/install/my_robot_controller:/opt/ros/humble /usr/bin/cmake --build /home/parallels/ros2_ws/build/turtlebot3_bringup -- -j6 -l6
[0.407s] Invoked command in '/home/parallels/ros2_ws/build/turtlebot3_bringup' returned '0': AMENT_PREFIX_PATH=/home/parallels/ros2_ws/install/turtlebot3_node:${AMENT_PREFIX_PATH} CMAKE_PREFIX_PATH=/home/parallels/ros2_ws/install/turtlebot3_node:/home/parallels/ros2_ws/install/turtlebot3_description:/home/parallels/ros2_ws/install/turtlebot3_navigation2:/home/parallels/ros2_ws/install/turtlebot3_cartographer:/home/parallels/ros2_ws/install/sllidar_ros2:/home/parallels/ros2_ws/install/turtlebot3_teleop:/home/parallels/ros2_ws/install/turtlebot3_example:/home/parallels/ros2_ws/install/my_robot_controller:/opt/ros/humble /usr/bin/cmake --build /home/parallels/ros2_ws/build/turtlebot3_bringup -- -j6 -l6
[0.417s] Invoking command in '/home/parallels/ros2_ws/build/turtlebot3_bringup': AMENT_PREFIX_PATH=/home/parallels/ros2_ws/install/turtlebot3_node:${AMENT_PREFIX_PATH} CMAKE_PREFIX_PATH=/home/parallels/ros2_ws/install/turtlebot3_node:/home/parallels/ros2_ws/install/turtlebot3_description:/home/parallels/ros2_ws/install/turtlebot3_navigation2:/home/parallels/ros2_ws/install/turtlebot3_cartographer:/home/parallels/ros2_ws/install/sllidar_ros2:/home/parallels/ros2_ws/install/turtlebot3_teleop:/home/parallels/ros2_ws/install/turtlebot3_example:/home/parallels/ros2_ws/install/my_robot_controller:/opt/ros/humble /usr/bin/cmake --install /home/parallels/ros2_ws/build/turtlebot3_bringup
[0.419s] -- Install configuration: ""
[0.419s] -- Execute custom install script
[0.420s] -- Symlinking: /home/parallels/ros2_ws/install/turtlebot3_bringup/share/turtlebot3_bringup/launch/robot.launch.py
[0.423s] -- Symlinking: /home/parallels/ros2_ws/install/turtlebot3_bringup/share/turtlebot3_bringup/launch/rviz2.launch.py
[0.426s] -- Symlinking: /home/parallels/ros2_ws/install/turtlebot3_bringup/share/turtlebot3_bringup/launch/turtlebot3_state_publisher.launch.py
[0.430s] -- Symlinking: /home/parallels/ros2_ws/install/turtlebot3_bringup/share/turtlebot3_bringup/param/burger.yaml
[0.433s] -- Symlinking: /home/parallels/ros2_ws/install/turtlebot3_bringup/share/turtlebot3_bringup/param/waffle.yaml
[0.437s] -- Symlinking: /home/parallels/ros2_ws/install/turtlebot3_bringup/share/turtlebot3_bringup/param/waffle_pi.yaml
[0.441s] -- Symlinking: /home/parallels/ros2_ws/install/turtlebot3_bringup/share/turtlebot3_bringup/script/99-turtlebot3-cdc.rules
[0.444s] -- Symlinking: /home/parallels/ros2_ws/install/turtlebot3_bringup/share/turtlebot3_bringup/script/create_udev_rules
[0.448s] -- Symlinking: /home/parallels/ros2_ws/install/turtlebot3_bringup/share/ament_index/resource_index/package_run_dependencies/turtlebot3_bringup
[0.451s] -- Symlinking: /home/parallels/ros2_ws/install/turtlebot3_bringup/share/ament_index/resource_index/parent_prefix_path/turtlebot3_bringup
[0.455s] -- Symlinking: /home/parallels/ros2_ws/install/turtlebot3_bringup/share/turtlebot3_bringup/environment/ament_prefix_path.sh
[0.458s] -- Symlinking: /home/parallels/ros2_ws/install/turtlebot3_bringup/share/turtlebot3_bringup/environment/ament_prefix_path.dsv
[0.461s] -- Symlinking: /home/parallels/ros2_ws/install/turtlebot3_bringup/share/turtlebot3_bringup/environment/path.sh
[0.464s] -- Symlinking: /home/parallels/ros2_ws/install/turtlebot3_bringup/share/turtlebot3_bringup/environment/path.dsv
[0.467s] -- Symlinking: /home/parallels/ros2_ws/install/turtlebot3_bringup/share/turtlebot3_bringup/local_setup.bash
[0.471s] -- Symlinking: /home/parallels/ros2_ws/install/turtlebot3_bringup/share/turtlebot3_bringup/local_setup.sh
[0.474s] -- Symlinking: /home/parallels/ros2_ws/install/turtlebot3_bringup/share/turtlebot3_bringup/local_setup.zsh
[0.477s] -- Symlinking: /home/parallels/ros2_ws/install/turtlebot3_bringup/share/turtlebot3_bringup/local_setup.dsv
[0.480s] -- Symlinking: /home/parallels/ros2_ws/install/turtlebot3_bringup/share/turtlebot3_bringup/package.dsv
[0.483s] -- Symlinking: /home/parallels/ros2_ws/install/turtlebot3_bringup/share/ament_index/resource_index/packages/turtlebot3_bringup
[0.486s] -- Symlinking: /home/parallels/ros2_ws/install/turtlebot3_bringup/share/turtlebot3_bringup/cmake/turtlebot3_bringupConfig.cmake
[0.489s] -- Symlinking: /home/parallels/ros2_ws/install/turtlebot3_bringup/share/turtlebot3_bringup/cmake/turtlebot3_bringupConfig-version.cmake
[0.492s] -- Symlinking: /home/parallels/ros2_ws/install/turtlebot3_bringup/share/turtlebot3_bringup/package.xml
[0.496s] Invoked command in '/home/parallels/ros2_ws/build/turtlebot3_bringup' returned '0': AMENT_PREFIX_PATH=/home/parallels/ros2_ws/install/turtlebot3_node:${AMENT_PREFIX_PATH} CMAKE_PREFIX_PATH=/home/parallels/ros2_ws/install/turtlebot3_node:/home/parallels/ros2_ws/install/turtlebot3_description:/home/parallels/ros2_ws/install/turtlebot3_navigation2:/home/parallels/ros2_ws/install/turtlebot3_cartographer:/home/parallels/ros2_ws/install/sllidar_ros2:/home/parallels/ros2_ws/install/turtlebot3_teleop:/home/parallels/ros2_ws/install/turtlebot3_example:/home/parallels/ros2_ws/install/my_robot_controller:/opt/ros/humble /usr/bin/cmake --install /home/parallels/ros2_ws/build/turtlebot3_bringup
