[0.009s] Invoking command in '/home/parallels/ros2_ws/build/turtlebot3': AMENT_PREFIX_PATH=/home/parallels/ros2_ws/install/turtlebot3_bringup:/home/parallels/ros2_ws/install/turtlebot3_teleop:/home/parallels/ros2_ws/install/turtlebot3_node:/home/parallels/ros2_ws/install/turtlebot3_example:/home/parallels/ros2_ws/install/turtlebot3_navigation2:/home/parallels/ros2_ws/install/turtlebot3_description:/home/parallels/ros2_ws/install/turtlebot3_cartographer:/home/parallels/ros2_ws/install/sllidar_ros2:/home/parallels/ros2_ws/install/my_robot_controller:/opt/ros/humble CMAKE_PREFIX_PATH=/home/parallels/ros2_ws/install/turtlebot3_bringup:/home/parallels/ros2_ws/install/turtlebot3_node:/home/parallels/ros2_ws/install/turtlebot3_navigation2:/home/parallels/ros2_ws/install/turtlebot3_description:/home/parallels/ros2_ws/install/turtlebot3_cartographer:/home/parallels/ros2_ws/install/sllidar_ros2:/home/parallels/ros2_ws/install/turtlebot3_teleop:/home/parallels/ros2_ws/install/turtlebot3_example:/home/parallels/ros2_ws/install/my_robot_controller:/opt/ros/humble /usr/bin/cmake /home/parallels/ros2_ws/src/turtlebot3/turtlebot3 -DAMENT_CMAKE_SYMLINK_INSTALL=1 -DCMAKE_INSTALL_PREFIX=/home/parallels/ros2_ws/install/turtlebot3
[0.038s] -- The C compiler identification is GNU 11.4.0
[0.065s] -- The CXX compiler identification is GNU 11.4.0
[0.069s] -- Detecting C compiler ABI info
[0.100s] -- Detecting C compiler ABI info - done
[0.104s] -- Check for working C compiler: /usr/bin/cc - skipped
[0.104s] -- Detecting C compile features
[0.104s] -- Detecting C compile features - done
[0.106s] -- Detecting CXX compiler ABI info
[0.145s] -- Detecting CXX compiler ABI info - done
[0.149s] -- Check for working CXX compiler: /usr/bin/c++ - skipped
[0.150s] -- Detecting CXX compile features
[0.150s] -- Detecting CXX compile features - done
[0.152s] -- Found ament_cmake: 1.3.10 (/opt/ros/humble/share/ament_cmake/cmake)
[0.231s] -- Found Python3: /usr/bin/python3 (found version "3.10.12") found components: Interpreter 
[0.266s] -- Override CMake install command with custom implementation using symlinks instead of copying resources
[0.338s] -- Configuring done
[0.339s] -- Generating done
[0.340s] -- Build files have been written to: /home/parallels/ros2_ws/build/turtlebot3
[0.343s] Invoked command in '/home/parallels/ros2_ws/build/turtlebot3' returned '0': AMENT_PREFIX_PATH=/home/parallels/ros2_ws/install/turtlebot3_bringup:/home/parallels/ros2_ws/install/turtlebot3_teleop:/home/parallels/ros2_ws/install/turtlebot3_node:/home/parallels/ros2_ws/install/turtlebot3_example:/home/parallels/ros2_ws/install/turtlebot3_navigation2:/home/parallels/ros2_ws/install/turtlebot3_description:/home/parallels/ros2_ws/install/turtlebot3_cartographer:/home/parallels/ros2_ws/install/sllidar_ros2:/home/parallels/ros2_ws/install/my_robot_controller:/opt/ros/humble CMAKE_PREFIX_PATH=/home/parallels/ros2_ws/install/turtlebot3_bringup:/home/parallels/ros2_ws/install/turtlebot3_node:/home/parallels/ros2_ws/install/turtlebot3_navigation2:/home/parallels/ros2_ws/install/turtlebot3_description:/home/parallels/ros2_ws/install/turtlebot3_cartographer:/home/parallels/ros2_ws/install/sllidar_ros2:/home/parallels/ros2_ws/install/turtlebot3_teleop:/home/parallels/ros2_ws/install/turtlebot3_example:/home/parallels/ros2_ws/install/my_robot_controller:/opt/ros/humble /usr/bin/cmake /home/parallels/ros2_ws/src/turtlebot3/turtlebot3 -DAMENT_CMAKE_SYMLINK_INSTALL=1 -DCMAKE_INSTALL_PREFIX=/home/parallels/ros2_ws/install/turtlebot3
[0.344s] Invoking command in '/home/parallels/ros2_ws/build/turtlebot3': AMENT_PREFIX_PATH=/home/parallels/ros2_ws/install/turtlebot3_bringup:/home/parallels/ros2_ws/install/turtlebot3_teleop:/home/parallels/ros2_ws/install/turtlebot3_node:/home/parallels/ros2_ws/install/turtlebot3_example:/home/parallels/ros2_ws/install/turtlebot3_navigation2:/home/parallels/ros2_ws/install/turtlebot3_description:/home/parallels/ros2_ws/install/turtlebot3_cartographer:/home/parallels/ros2_ws/install/sllidar_ros2:/home/parallels/ros2_ws/install/my_robot_controller:/opt/ros/humble CMAKE_PREFIX_PATH=/home/parallels/ros2_ws/install/turtlebot3_bringup:/home/parallels/ros2_ws/install/turtlebot3_node:/home/parallels/ros2_ws/install/turtlebot3_navigation2:/home/parallels/ros2_ws/install/turtlebot3_description:/home/parallels/ros2_ws/install/turtlebot3_cartographer:/home/parallels/ros2_ws/install/sllidar_ros2:/home/parallels/ros2_ws/install/turtlebot3_teleop:/home/parallels/ros2_ws/install/turtlebot3_example:/home/parallels/ros2_ws/install/my_robot_controller:/opt/ros/humble /usr/bin/cmake --build /home/parallels/ros2_ws/build/turtlebot3 -- -j6 -l6
[0.362s] Invoked command in '/home/parallels/ros2_ws/build/turtlebot3' returned '0': AMENT_PREFIX_PATH=/home/parallels/ros2_ws/install/turtlebot3_bringup:/home/parallels/ros2_ws/install/turtlebot3_teleop:/home/parallels/ros2_ws/install/turtlebot3_node:/home/parallels/ros2_ws/install/turtlebot3_example:/home/parallels/ros2_ws/install/turtlebot3_navigation2:/home/parallels/ros2_ws/install/turtlebot3_description:/home/parallels/ros2_ws/install/turtlebot3_cartographer:/home/parallels/ros2_ws/install/sllidar_ros2:/home/parallels/ros2_ws/install/my_robot_controller:/opt/ros/humble CMAKE_PREFIX_PATH=/home/parallels/ros2_ws/install/turtlebot3_bringup:/home/parallels/ros2_ws/install/turtlebot3_node:/home/parallels/ros2_ws/install/turtlebot3_navigation2:/home/parallels/ros2_ws/install/turtlebot3_description:/home/parallels/ros2_ws/install/turtlebot3_cartographer:/home/parallels/ros2_ws/install/sllidar_ros2:/home/parallels/ros2_ws/install/turtlebot3_teleop:/home/parallels/ros2_ws/install/turtlebot3_example:/home/parallels/ros2_ws/install/my_robot_controller:/opt/ros/humble /usr/bin/cmake --build /home/parallels/ros2_ws/build/turtlebot3 -- -j6 -l6
[0.372s] Invoking command in '/home/parallels/ros2_ws/build/turtlebot3': AMENT_PREFIX_PATH=/home/parallels/ros2_ws/install/turtlebot3_bringup:/home/parallels/ros2_ws/install/turtlebot3_teleop:/home/parallels/ros2_ws/install/turtlebot3_node:/home/parallels/ros2_ws/install/turtlebot3_example:/home/parallels/ros2_ws/install/turtlebot3_navigation2:/home/parallels/ros2_ws/install/turtlebot3_description:/home/parallels/ros2_ws/install/turtlebot3_cartographer:/home/parallels/ros2_ws/install/sllidar_ros2:/home/parallels/ros2_ws/install/my_robot_controller:/opt/ros/humble CMAKE_PREFIX_PATH=/home/parallels/ros2_ws/install/turtlebot3_bringup:/home/parallels/ros2_ws/install/turtlebot3_node:/home/parallels/ros2_ws/install/turtlebot3_navigation2:/home/parallels/ros2_ws/install/turtlebot3_description:/home/parallels/ros2_ws/install/turtlebot3_cartographer:/home/parallels/ros2_ws/install/sllidar_ros2:/home/parallels/ros2_ws/install/turtlebot3_teleop:/home/parallels/ros2_ws/install/turtlebot3_example:/home/parallels/ros2_ws/install/my_robot_controller:/opt/ros/humble /usr/bin/cmake --install /home/parallels/ros2_ws/build/turtlebot3
[0.374s] -- Install configuration: ""
[0.375s] -- Execute custom install script
[0.375s] -- Symlinking: /home/parallels/ros2_ws/install/turtlebot3/share/ament_index/resource_index/package_run_dependencies/turtlebot3
[0.378s] -- Symlinking: /home/parallels/ros2_ws/install/turtlebot3/share/ament_index/resource_index/parent_prefix_path/turtlebot3
[0.381s] -- Symlinking: /home/parallels/ros2_ws/install/turtlebot3/share/turtlebot3/environment/ament_prefix_path.sh
[0.384s] -- Symlinking: /home/parallels/ros2_ws/install/turtlebot3/share/turtlebot3/environment/ament_prefix_path.dsv
[0.388s] -- Symlinking: /home/parallels/ros2_ws/install/turtlebot3/share/turtlebot3/environment/path.sh
[0.391s] -- Symlinking: /home/parallels/ros2_ws/install/turtlebot3/share/turtlebot3/environment/path.dsv
[0.394s] -- Symlinking: /home/parallels/ros2_ws/install/turtlebot3/share/turtlebot3/local_setup.bash
[0.397s] -- Symlinking: /home/parallels/ros2_ws/install/turtlebot3/share/turtlebot3/local_setup.sh
[0.400s] -- Symlinking: /home/parallels/ros2_ws/install/turtlebot3/share/turtlebot3/local_setup.zsh
[0.403s] -- Symlinking: /home/parallels/ros2_ws/install/turtlebot3/share/turtlebot3/local_setup.dsv
[0.407s] -- Symlinking: /home/parallels/ros2_ws/install/turtlebot3/share/turtlebot3/package.dsv
[0.410s] -- Symlinking: /home/parallels/ros2_ws/install/turtlebot3/share/ament_index/resource_index/packages/turtlebot3
[0.413s] -- Symlinking: /home/parallels/ros2_ws/install/turtlebot3/share/turtlebot3/cmake/turtlebot3Config.cmake
[0.416s] -- Symlinking: /home/parallels/ros2_ws/install/turtlebot3/share/turtlebot3/cmake/turtlebot3Config-version.cmake
[0.419s] -- Symlinking: /home/parallels/ros2_ws/install/turtlebot3/share/turtlebot3/package.xml
[0.426s] Invoked command in '/home/parallels/ros2_ws/build/turtlebot3' returned '0': AMENT_PREFIX_PATH=/home/parallels/ros2_ws/install/turtlebot3_bringup:/home/parallels/ros2_ws/install/turtlebot3_teleop:/home/parallels/ros2_ws/install/turtlebot3_node:/home/parallels/ros2_ws/install/turtlebot3_example:/home/parallels/ros2_ws/install/turtlebot3_navigation2:/home/parallels/ros2_ws/install/turtlebot3_description:/home/parallels/ros2_ws/install/turtlebot3_cartographer:/home/parallels/ros2_ws/install/sllidar_ros2:/home/parallels/ros2_ws/install/my_robot_controller:/opt/ros/humble CMAKE_PREFIX_PATH=/home/parallels/ros2_ws/install/turtlebot3_bringup:/home/parallels/ros2_ws/install/turtlebot3_node:/home/parallels/ros2_ws/install/turtlebot3_navigation2:/home/parallels/ros2_ws/install/turtlebot3_description:/home/parallels/ros2_ws/install/turtlebot3_cartographer:/home/parallels/ros2_ws/install/sllidar_ros2:/home/parallels/ros2_ws/install/turtlebot3_teleop:/home/parallels/ros2_ws/install/turtlebot3_example:/home/parallels/ros2_ws/install/my_robot_controller:/opt/ros/humble /usr/bin/cmake --install /home/parallels/ros2_ws/build/turtlebot3
